ARM GAS  C:\DOCUME~1\ADMINI~1\LOCALS~1\Temp/cck2Tm31.s 			page 1


   1              		.file	"config.c"
   2              	@ GNU C (GCC) version 4.3.2 (arm-elf)
   3              	@	compiled by GNU C version 3.4.5 (mingw special), GMP version 4.2.2, MPFR version 2.3.1.
   4              	@ GGC heuristics: --param ggc-min-expand=99 --param ggc-min-heapsize=131006
   5              	@ options passed:  -IC:/ethernut-4.7.4/nutbld/include
   6              	@ -IC:/ethernut-4.7.4/nutbld -IC:/ethernut-4.7.4/nut/include -imultilib
   7              	@ interwork -iprefix c:\program files\yagarto\bin\../lib/gcc/arm-elf/4.3.2/
   8              	@ -D__USES_INITFINI__ -DELEKTOR_IR1 config.c -mcpu=arm7tdmi
   9              	@ -mthumb-interwork -auxbase-strip config.o -Os -Wall -Wstrict-prototypes
  10              	@ -fomit-frame-pointer -fverbose-asm
  11              	@ options enabled:  -falign-loops -fargument-alias -fauto-inc-dec
  12              	@ -fbranch-count-reg -fcaller-saves -fcommon -fcprop-registers
  13              	@ -fcrossjumping -fcse-follow-jumps -fdefer-pop
  14              	@ -fdelete-null-pointer-checks -fearly-inlining
  15              	@ -feliminate-unused-debug-types -fexpensive-optimizations
  16              	@ -fforward-propagate -ffunction-cse -fgcse -fgcse-lm
  17              	@ -fguess-branch-probability -fident -fif-conversion -fif-conversion2
  18              	@ -finline-functions -finline-functions-called-once
  19              	@ -finline-small-functions -fipa-pure-const -fipa-reference -fivopts
  20              	@ -fkeep-static-consts -fleading-underscore -fmath-errno -fmerge-constants
  21              	@ -fmerge-debug-strings -fmove-loop-invariants -fomit-frame-pointer
  22              	@ -foptimize-register-move -foptimize-sibling-calls -fpeephole -fpeephole2
  23              	@ -freg-struct-return -fregmove -freorder-functions -frerun-cse-after-loop
  24              	@ -fsched-interblock -fsched-spec -fsched-stalled-insns-dep
  25              	@ -fschedule-insns -fschedule-insns2 -fsigned-zeros -fsplit-ivs-in-unroller
  26              	@ -fsplit-wide-types -fstrict-aliasing -fstrict-overflow -fthread-jumps
  27              	@ -ftoplevel-reorder -ftrapping-math -ftree-ccp -ftree-copy-prop
  28              	@ -ftree-copyrename -ftree-cselim -ftree-dce -ftree-dominator-opts
  29              	@ -ftree-dse -ftree-fre -ftree-loop-im -ftree-loop-ivcanon
  30              	@ -ftree-loop-optimize -ftree-parallelize-loops= -ftree-reassoc
  31              	@ -ftree-salias -ftree-scev-cprop -ftree-sink -ftree-sra -ftree-store-ccp
  32              	@ -ftree-ter -ftree-vect-loop-version -ftree-vrp -funit-at-a-time
  33              	@ -fverbose-asm -fzero-initialized-in-bss -mlittle-endian -msched-prolog
  34              	@ -mthumb-interwork
  35              	
  36              	@ Compiler executable checksum: 6db586a17c82d36a40d1394fc9f8b6f8
  37              	
  38              		.text
  39              		.align	2
  40              		.global	InitElektorHardware
  41              		.type	InitElektorHardware, %function
  42              	InitElektorHardware:
  43              		@ Function supports interworking.
  44              		@ args = 0, pretend = 0, frame = 0
  45              		@ frame_needed = 0, uses_anonymous_args = 0
  46              		@ link register save eliminated.
  47 0000 70002DE9 		stmfd	sp!, {r4, r5, r6}	@,
  48 0004 8C609FE5 		ldr	r6, .L4	@ tmp136,
  49 0008 003096E5 		ldr	r3, [r6, #0]	@ done, done
  50 000c 000053E3 		cmp	r3, #0	@ done,
  51 0010 1D00001A 		bne	.L2	@,
  52 0014 0030E0E3 		mvn	r3, #0	@ tmp138,
  53 0018 8F2B13E5 		ldr	r2, [r3, #-2959]	@ D.2393,
  54 001c 012182E3 		orr	r2, r2, #1073741824	@ D.2394, D.2393,
  55 0020 072A82E3 		orr	r2, r2, #28672	@ D.2394, D.2394,
  56 0024 0140A0E3 		mov	r4, #1	@ tmp172,
  57 0028 004086E5 		str	r4, [r6, #0]	@ tmp172, done
ARM GAS  C:\DOCUME~1\ADMINI~1\LOCALS~1\Temp/cck2Tm31.s 			page 2


  58 002c 8F2B03E5 		str	r2, [r3, #-2959]	@ D.2394,
  59 0030 64209FE5 		ldr	r2, .L4+4	@ tmp139,
  60 0034 0211A0E3 		mov	r1, #-2147483648	@ tmp144,
  61 0038 FB2B03E5 		str	r2, [r3, #-3067]	@ tmp139,
  62 003c 0101A0E3 		mov	r0, #1073741824	@ tmp150,
  63 0040 02CBA0E3 		mov	ip, #2048	@ tmp162,
  64 0044 F121A0E3 		mov	r2, #1073741884	@ tmp168,
  65 0048 FF1B03E5 		str	r1, [r3, #-3071]	@ tmp144,
  66 004c 1F5AE0E3 		mvn	r5, #126976	@ tmp169,
  67 0050 CF1B03E5 		str	r1, [r3, #-3023]	@ tmp144,
  68 0054 EF1B03E5 		str	r1, [r3, #-3055]	@ tmp144,
  69 0058 FF0903E5 		str	r0, [r3, #-2559]	@ tmp150,
  70 005c CF0903E5 		str	r0, [r3, #-2511]	@ tmp150,
  71 0060 EF0903E5 		str	r0, [r3, #-2543]	@ tmp150,
  72 0064 FF1903E5 		str	r1, [r3, #-2559]	@ tmp144,
  73 0068 CF1903E5 		str	r1, [r3, #-2511]	@ tmp144,
  74 006c EF1903E5 		str	r1, [r3, #-2543]	@ tmp144,
  75 0070 FFCB03E5 		str	ip, [r3, #-3071]	@ tmp162,
  76 0074 CFCB03E5 		str	ip, [r3, #-3023]	@ tmp162,
  77 0078 EFCB03E5 		str	ip, [r3, #-3055]	@ tmp162,
  78 007c EF2303E5 		str	r2, [r3, #-1007]	@ tmp168,
  79 0080 823083E2 		add	r3, r3, #130	@ tmp170, tmp170,
  80 0084 FF3F05E5 		str	r3, [r5, #-4095]	@ tmp170,
  81 0088 FF4F05E5 		str	r4, [r5, #-4095]	@ tmp172,
  82              	.L2:
  83 008c 0000A0E3 		mov	r0, #0	@,
  84 0090 7000BDE8 		ldmfd	sp!, {r4, r5, r6}
  85 0094 1EFF2FE1 		bx	lr
  86              	.L5:
  87              		.align	2
  88              	.L4:
  89 0098 00000000 		.word	done.2390
  90 009c 00700040 		.word	1073770496
  91              		.size	InitElektorHardware, .-InitElektorHardware
  92              		.align	2
  93              		.global	SpiSetMode
  94              		.type	SpiSetMode, %function
  95              	SpiSetMode:
  96              		@ Function supports interworking.
  97              		@ args = 0, pretend = 0, frame = 0
  98              		@ frame_needed = 0, uses_anonymous_args = 0
  99              		@ link register save eliminated.
 100 00a0 1F3AE0E3 		mvn	r3, #126976	@ tmp134,
 101 00a4 1120A0E3 		mov	r2, #17	@ tmp135,
 102 00a8 FB2F03E5 		str	r2, [r3, #-4091]	@ tmp135,
 103 00ac 08209FE5 		ldr	r2, .L8	@ tmp137,
 104 00b0 0000A0E3 		mov	r0, #0	@,
 105 00b4 CF2F03E5 		str	r2, [r3, #-4047]	@ tmp137,
 106 00b8 1EFF2FE1 		bx	lr	@
 107              	.L9:
 108              		.align	2
 109              	.L8:
 110 00bc 02FF0000 		.word	65282
 111              		.size	SpiSetMode, .-SpiSetMode
 112              		.align	2
 113              		.global	At91SpiTransfer2
 114              		.type	At91SpiTransfer2, %function
ARM GAS  C:\DOCUME~1\ADMINI~1\LOCALS~1\Temp/cck2Tm31.s 			page 3


 115              	At91SpiTransfer2:
 116              		@ Function supports interworking.
 117              		@ args = 16, pretend = 0, frame = 0
 118              		@ frame_needed = 0, uses_anonymous_args = 0
 119              		@ link register save eliminated.
 120 00c0 70002DE9 		stmfd	sp!, {r4, r5, r6}	@,
 121 00c4 1F1AE0E3 		mvn	r1, #126976	@ tmp155,
 122 00c8 03C0A0E1 		mov	ip, r3	@ rxp, rxbuf
 123 00cc 1130A0E3 		mov	r3, #17	@ tmp156,
 124 00d0 0C009DE5 		ldr	r0, [sp, #12]	@ xlen, xlen
 125 00d4 18509DE5 		ldr	r5, [sp, #24]	@ xnlen, xnlen
 126 00d8 FB3F01E5 		str	r3, [r1, #-4091]	@ tmp156,
 127 00dc AC309FE5 		ldr	r3, .L28	@ tmp158,
 128 00e0 0240A0E1 		mov	r4, r2	@ txp, txbuf
 129 00e4 CF3F01E5 		str	r3, [r1, #-4047]	@ tmp158,
 130 00e8 022BA0E3 		mov	r2, #2048	@ tmp160,
 131 00ec 0030E0E3 		mvn	r3, #0	@ tmp159,
 132 00f0 CB2B03E5 		str	r2, [r3, #-3019]	@ tmp160,
 133 00f4 0160A0E1 		mov	r6, r1	@ tmp178, tmp155
 134 00f8 013C83E2 		add	r3, r3, #256	@ b, b,
 135 00fc 0120A0E1 		mov	r2, r1	@ tmp179, tmp178
 136 0100 090000EA 		b	.L26	@
 137              	.L14:
 138 0104 000054E3 		cmp	r4, #0	@ txp,
 139 0108 0130D414 		ldrneb	r3, [r4], #1	@ zero_extendqisi2	@ b,
 140 010c F33F06E5 		str	r3, [r6, #-4083]	@ b,
 141              	.L13:
 142 0110 EF3F16E5 		ldr	r3, [r6, #-4079]	@ D.2638,
 143 0114 010013E3 		tst	r3, #1	@ D.2638,
 144 0118 FCFFFF0A 		beq	.L13	@,
 145 011c F73F12E5 		ldr	r3, [r2, #-4087]	@ D.2640,
 146 0120 00005CE3 		cmp	ip, #0	@ rxp,
 147 0124 FF3003E2 		and	r3, r3, #255	@ b, D.2640,
 148 0128 0130CC14 		strneb	r3, [ip], #1	@ b,
 149              	.L26:
 150 012c 010050E2 		subs	r0, r0, #1	@ xlen, xlen,
 151 0130 F3FFFF2A 		bcs	.L14	@,
 152 0134 1F0A40E2 		sub	r0, r0, #126976	@ tmp175, tmp175,
 153 0138 10108DE2 		add	r1, sp, #16
 154 013c 060091E8 		ldmia	r1, {r1, r2}	@ phole ldm
 155 0140 FF30A0E3 		mov	r3, #255	@ b.53,
 156 0144 00C0A0E1 		mov	ip, r0	@ tmp176, tmp175
 157 0148 090000EA 		b	.L27	@
 158              	.L18:
 159 014c 000051E3 		cmp	r1, #0	@ txp.51,
 160 0150 0130D114 		ldrneb	r3, [r1], #1	@ zero_extendqisi2	@ b.53,
 161 0154 F33F00E5 		str	r3, [r0, #-4083]	@ b.53,
 162              	.L17:
 163 0158 EF3F10E5 		ldr	r3, [r0, #-4079]	@ D.2644,
 164 015c 010013E3 		tst	r3, #1	@ D.2644,
 165 0160 FCFFFF0A 		beq	.L17	@,
 166 0164 F73F1CE5 		ldr	r3, [ip, #-4087]	@ D.2646,
 167 0168 000052E3 		cmp	r2, #0	@ rxp.52,
 168 016c FF3003E2 		and	r3, r3, #255	@ b.53, D.2646,
 169 0170 0130C214 		strneb	r3, [r2], #1	@ b.53,
 170              	.L27:
 171 0174 015055E2 		subs	r5, r5, #1	@ xnlen, xnlen,
ARM GAS  C:\DOCUME~1\ADMINI~1\LOCALS~1\Temp/cck2Tm31.s 			page 4


 172 0178 F3FFFF2A 		bcs	.L18	@,
 173 017c 023BA0E3 		mov	r3, #2048	@ tmp172,
 174 0180 CF3B05E5 		str	r3, [r5, #-3023]	@ tmp172,
 175 0184 0000A0E3 		mov	r0, #0	@,
 176 0188 7000BDE8 		ldmfd	sp!, {r4, r5, r6}
 177 018c 1EFF2FE1 		bx	lr
 178              	.L29:
 179              		.align	2
 180              	.L28:
 181 0190 02FF0000 		.word	65282
 182              		.size	At91SpiTransfer2, .-At91SpiTransfer2
 183              		.align	2
 184              		.global	ConfigSize
 185              		.type	ConfigSize, %function
 186              	ConfigSize:
 187              		@ Function supports interworking.
 188              		@ args = 0, pretend = 0, frame = 0
 189              		@ frame_needed = 0, uses_anonymous_args = 0
 190              		@ link register save eliminated.
 191 0194 0100A0E3 		mov	r0, #1	@,
 192 0198 1EFF2FE1 		bx	lr	@
 193              		.size	ConfigSize, .-ConfigSize
 194              		.align	2
 195              		.global	ConfigRewind
 196              		.type	ConfigRewind, %function
 197              	ConfigRewind:
 198              		@ Function supports interworking.
 199              		@ args = 0, pretend = 0, frame = 0
 200              		@ frame_needed = 0, uses_anonymous_args = 0
 201              		@ link register save eliminated.
 202 019c 10309FE5 		ldr	r3, .L34	@ tmp134,
 203 01a0 000083E5 		str	r0, [r3, #0]	@ pgn, pgnum
 204 01a4 0C309FE5 		ldr	r3, .L34+4	@ tmp135,
 205 01a8 0020E0E3 		mvn	r2, #0	@ tmp136,
 206 01ac 002083E5 		str	r2, [r3, #0]	@ tmp136, pgpos
 207 01b0 1EFF2FE1 		bx	lr	@
 208              	.L35:
 209              		.align	2
 210              	.L34:
 211 01b4 0C000000 		.word	pgnum
 212 01b8 00000000 		.word	pgpos
 213              		.size	ConfigRewind, .-ConfigRewind
 214              		.align	2
 215              		.global	ConfigInit
 216              		.type	ConfigInit, %function
 217              	ConfigInit:
 218              		@ Function supports interworking.
 219              		@ args = 0, pretend = 0, frame = 0
 220              		@ frame_needed = 0, uses_anonymous_args = 0
 221 01bc 30402DE9 		stmfd	sp!, {r4, r5, lr}	@,
 222 01c0 44509FE5 		ldr	r5, .L41	@ tmp137,
 223 01c4 004095E5 		ldr	r4, [r5, #0]	@ page_size, page_size
 224 01c8 000054E3 		cmp	r4, #0	@ page_size,
 225 01cc 0000A013 		movne	r0, #0	@ D.2579,
 226 01d0 0B00001A 		bne	.L38	@,
 227 01d4 FEFFFFEB 		bl	InitElektorHardware	@
 228 01d8 30009FE5 		ldr	r0, .L41+4	@,
ARM GAS  C:\DOCUME~1\ADMINI~1\LOCALS~1\Temp/cck2Tm31.s 			page 5


 229 01dc 0410A0E1 		mov	r1, r4	@, page_size
 230 01e0 FEFFFFEB 		bl	At45dbInit	@
 231 01e4 28309FE5 		ldr	r3, .L41+8	@ tmp139,
 232 01e8 010070E3 		cmn	r0, #1	@ at45db.22,
 233 01ec 000083E5 		str	r0, [r3, #0]	@ at45db.22, at45db
 234 01f0 0000A001 		moveq	r0, r0	@ D.2579, at45db.22
 235 01f4 0200000A 		beq	.L38	@,
 236 01f8 FEFFFFEB 		bl	At45dbPageSize	@
 237 01fc 000085E5 		str	r0, [r5, #0]	@, page_size
 238 0200 0400A0E1 		mov	r0, r4	@ D.2579, page_size
 239              	.L38:
 240 0204 3040BDE8 		ldmfd	sp!, {r4, r5, lr}
 241 0208 1EFF2FE1 		bx	lr
 242              	.L42:
 243              		.align	2
 244              	.L41:
 245 020c 08000000 		.word	page_size
 246 0210 0000FEFF 		.word	-131072
 247 0214 04000000 		.word	at45db
 248              		.size	ConfigInit, .-ConfigInit
 249              		.align	2
 250              		.global	ConfigResetFactory
 251              		.type	ConfigResetFactory, %function
 252              	ConfigResetFactory:
 253              		@ Function supports interworking.
 254              		@ args = 0, pretend = 0, frame = 0
 255              		@ frame_needed = 0, uses_anonymous_args = 0
 256 0218 04E02DE5 		str	lr, [sp, #-4]!	@,
 257 021c 0010A0E3 		mov	r1, #0	@,
 258 0220 8420A0E3 		mov	r2, #132	@,
 259 0224 08009FE5 		ldr	r0, .L45	@,
 260 0228 FEFFFFEB 		bl	memset	@
 261 022c 04E09DE4 		ldr	lr, [sp], #4
 262 0230 1EFF2FE1 		bx	lr
 263              	.L46:
 264              		.align	2
 265              	.L45:
 266 0234 00000000 		.word	proxy
 267              		.size	ConfigResetFactory, .-ConfigResetFactory
 268              		.align	2
 269              		.global	ConfigLoadBinary
 270              		.type	ConfigLoadBinary, %function
 271              	ConfigLoadBinary:
 272              		@ Function supports interworking.
 273              		@ args = 0, pretend = 0, frame = 0
 274              		@ frame_needed = 0, uses_anonymous_args = 0
 275 0238 F04F2DE9 		stmfd	sp!, {r4, r5, r6, r7, r8, r9, sl, fp, lr}	@,
 276 023c 0040A0E3 		mov	r4, #0	@ ivtmp.83,
 277 0240 0080A0E1 		mov	r8, r0	@ data, data
 278 0244 0150A0E1 		mov	r5, r1	@ len, len
 279 0248 7C609FE5 		ldr	r6, .L53	@ tmp185,
 280 024c 7C709FE5 		ldr	r7, .L53+4	@ tmp187,
 281 0250 7CA09FE5 		ldr	sl, .L53+8	@ tmp188,
 282 0254 7CB09FE5 		ldr	fp, .L53+12	@ tmp189,
 283 0258 0490A0E1 		mov	r9, r4	@ tmp190, ivtmp.83
 284 025c 140000EA 		b	.L48	@
 285              	.L51:
ARM GAS  C:\DOCUME~1\ADMINI~1\LOCALS~1\Temp/cck2Tm31.s 			page 6


 286 0260 001096E5 		ldr	r1, [r6, #0]	@ pgpos.13, pgpos
 287 0264 000051E3 		cmp	r1, #0	@ pgpos.13,
 288 0268 020000BA 		blt	.L49	@,
 289 026c 00309AE5 		ldr	r3, [sl, #0]	@ page_size, page_size
 290 0270 030051E1 		cmp	r1, r3	@ pgpos.13, page_size
 291 0274 0800003A 		bcc	.L50	@,
 292              	.L49:
 293 0278 5C309FE5 		ldr	r3, .L53+16	@,
 294 027c 001097E5 		ldr	r1, [r7, #0]	@, pgnum
 295 0280 000093E5 		ldr	r0, [r3, #0]	@, at45db
 296 0284 00309AE5 		ldr	r3, [sl, #0]	@, page_size
 297 0288 FEFFFFEB 		bl	At45dbPageRead	@
 298 028c 003097E5 		ldr	r3, [r7, #0]	@ pgnum, pgnum
 299 0290 013083E2 		add	r3, r3, #1	@ tmp177, pgnum,
 300 0294 003087E5 		str	r3, [r7, #0]	@ tmp177, pgnum
 301 0298 009086E5 		str	r9, [r6, #0]	@ tmp190, pgpos
 302              	.L50:
 303 029c 003096E5 		ldr	r3, [r6, #0]	@ pgpos.91, pgpos
 304 02a0 0320DBE7 		ldrb	r2, [fp, r3]	@ zero_extendqisi2	@ D.2647, pgbuf
 305 02a4 013083E2 		add	r3, r3, #1	@ tmp183, pgpos.91,
 306 02a8 003086E5 		str	r3, [r6, #0]	@ tmp183, pgpos
 307 02ac 0420C8E7 		strb	r2, [r8, r4]	@ D.2647,* ivtmp.83
 308 02b0 014084E2 		add	r4, r4, #1	@ ivtmp.83, ivtmp.83,
 309              	.L48:
 310 02b4 000055E3 		cmp	r5, #0	@ len,
 311 02b8 18209FE5 		ldr	r2, .L53+12	@,
 312 02bc 015045E2 		sub	r5, r5, #1	@ len, len,
 313 02c0 E6FFFF1A 		bne	.L51	@,
 314 02c4 F04FBDE8 		ldmfd	sp!, {r4, r5, r6, r7, r8, r9, sl, fp, lr}
 315 02c8 1EFF2FE1 		bx	lr
 316              	.L54:
 317              		.align	2
 318              	.L53:
 319 02cc 00000000 		.word	pgpos
 320 02d0 0C000000 		.word	pgnum
 321 02d4 08000000 		.word	page_size
 322 02d8 10000000 		.word	pgbuf
 323 02dc 04000000 		.word	at45db
 324              		.size	ConfigLoadBinary, .-ConfigLoadBinary
 325              		.align	2
 326              		.global	NutNetLoadConfig
 327              		.type	NutNetLoadConfig, %function
 328              	NutNetLoadConfig:
 329              		@ Function supports interworking.
 330              		@ args = 0, pretend = 0, frame = 0
 331              		@ frame_needed = 0, uses_anonymous_args = 0
 332 02e0 30402DE9 		stmfd	sp!, {r4, r5, lr}	@,
 333 02e4 0050A0E1 		mov	r5, r0	@ name, name
 334 02e8 FEFFFFEB 		bl	ConfigInit	@
 335 02ec 000050E3 		cmp	r0, #0	@,
 336 02f0 1100001A 		bne	.L56	@,
 337 02f4 6C309FE5 		ldr	r3, .L59	@ tmp138,
 338 02f8 0120A0E3 		mov	r2, #1	@ tmp139,
 339 02fc 002083E5 		str	r2, [r3, #0]	@ tmp139, pgnum
 340 0300 64409FE5 		ldr	r4, .L59+4	@ tmp142,
 341 0304 64309FE5 		ldr	r3, .L59+8	@ tmp140,
 342 0308 0020E0E3 		mvn	r2, #0	@ tmp141,
ARM GAS  C:\DOCUME~1\ADMINI~1\LOCALS~1\Temp/cck2Tm31.s 			page 7


 343 030c 002083E5 		str	r2, [r3, #0]	@ tmp141, pgpos
 344 0310 0400A0E1 		mov	r0, r4	@, tmp142
 345 0314 2010A0E3 		mov	r1, #32	@,
 346 0318 FEFFFFEB 		bl	ConfigLoadBinary	@
 347 031c 0030D4E5 		ldrb	r3, [r4, #0]	@ zero_extendqisi2	@ confnet.cd_size, confnet.cd_size
 348 0320 200053E3 		cmp	r3, #32	@ confnet.cd_size,
 349 0324 0400001A 		bne	.L56	@,
 350 0328 010084E2 		add	r0, r4, #1	@, tmp142,
 351 032c 0510A0E1 		mov	r1, r5	@, name
 352 0330 FEFFFFEB 		bl	strcmp	@
 353 0334 000050E3 		cmp	r0, #0	@ tmp146
 354 0338 0800000A 		beq	.L57	@,
 355              	.L56:
 356 033c 0010A0E3 		mov	r1, #0	@,
 357 0340 2020A0E3 		mov	r2, #32	@,
 358 0344 20009FE5 		ldr	r0, .L59+4	@,
 359 0348 FEFFFFEB 		bl	memset	@
 360 034c 20009FE5 		ldr	r0, .L59+12	@,
 361 0350 FF10A0E3 		mov	r1, #255	@,
 362 0354 0620A0E3 		mov	r2, #6	@,
 363 0358 FEFFFFEB 		bl	memset	@
 364 035c 0000E0E3 		mvn	r0, #0	@ D.2553,
 365              	.L57:
 366 0360 3040BDE8 		ldmfd	sp!, {r4, r5, lr}
 367 0364 1EFF2FE1 		bx	lr
 368              	.L60:
 369              		.align	2
 370              	.L59:
 371 0368 0C000000 		.word	pgnum
 372 036c 00000000 		.word	confnet
 373 0370 00000000 		.word	pgpos
 374 0374 0A000000 		.word	confnet+10
 375              		.size	NutNetLoadConfig, .-NutNetLoadConfig
 376              		.align	2
 377              		.global	NutLoadConfig
 378              		.type	NutLoadConfig, %function
 379              	NutLoadConfig:
 380              		@ Function supports interworking.
 381              		@ args = 0, pretend = 0, frame = 0
 382              		@ frame_needed = 0, uses_anonymous_args = 0
 383 0378 30402DE9 		stmfd	sp!, {r4, r5, lr}	@,
 384 037c FEFFFFEB 		bl	ConfigInit	@
 385 0380 005050E2 		subs	r5, r0, #0	@ D.2538,
 386 0384 1200001A 		bne	.L62	@,
 387 0388 60309FE5 		ldr	r3, .L65	@ tmp138,
 388 038c 0020E0E3 		mvn	r2, #0	@ tmp139,
 389 0390 5C409FE5 		ldr	r4, .L65+4	@ tmp140,
 390 0394 002083E5 		str	r2, [r3, #0]	@ tmp139, pgpos
 391 0398 58309FE5 		ldr	r3, .L65+8	@ tmp136,
 392 039c 0400A0E1 		mov	r0, r4	@, tmp140
 393 03a0 005083E5 		str	r5, [r3, #0]	@ D.2538, pgnum
 394 03a4 1310A0E3 		mov	r1, #19	@,
 395 03a8 FEFFFFEB 		bl	ConfigLoadBinary	@
 396 03ac 0030D4E5 		ldrb	r3, [r4, #0]	@ zero_extendqisi2	@ confos.size, confos.size
 397 03b0 130053E3 		cmp	r3, #19	@ confos.size,
 398 03b4 0600001A 		bne	.L62	@,
 399 03b8 0130D4E5 		ldrb	r3, [r4, #1]	@ zero_extendqisi2	@ confos.magic, confos.magic
ARM GAS  C:\DOCUME~1\ADMINI~1\LOCALS~1\Temp/cck2Tm31.s 			page 8


 400 03bc 4F0053E3 		cmp	r3, #79	@ confos.magic,
 401 03c0 0300001A 		bne	.L62	@,
 402 03c4 0230D4E5 		ldrb	r3, [r4, #2]	@ zero_extendqisi2	@ confos.magic, confos.magic
 403 03c8 530053E3 		cmp	r3, #83	@ confos.magic,
 404 03cc 0500A001 		moveq	r0, r5	@ D.2542, D.2538
 405 03d0 0400000A 		beq	.L63	@,
 406              	.L62:
 407 03d4 18009FE5 		ldr	r0, .L65+4	@,
 408 03d8 0010A0E3 		mov	r1, #0	@,
 409 03dc 1320A0E3 		mov	r2, #19	@,
 410 03e0 FEFFFFEB 		bl	memset	@
 411 03e4 0000E0E3 		mvn	r0, #0	@ D.2542,
 412              	.L63:
 413 03e8 3040BDE8 		ldmfd	sp!, {r4, r5, lr}
 414 03ec 1EFF2FE1 		bx	lr
 415              	.L66:
 416              		.align	2
 417              	.L65:
 418 03f0 00000000 		.word	pgpos
 419 03f4 00000000 		.word	confos
 420 03f8 0C000000 		.word	pgnum
 421              		.size	NutLoadConfig, .-NutLoadConfig
 422              		.align	2
 423              		.global	ConfigLoadString
 424              		.type	ConfigLoadString, %function
 425              	ConfigLoadString:
 426              		@ Function supports interworking.
 427              		@ args = 0, pretend = 0, frame = 0
 428              		@ frame_needed = 0, uses_anonymous_args = 0
 429 03fc F04F2DE9 		stmfd	sp!, {r4, r5, r6, r7, r8, r9, sl, fp, lr}	@,
 430 0400 0040A0E3 		mov	r4, #0	@ rc,
 431 0404 0070A0E1 		mov	r7, r0	@ str, str
 432 0408 0180A0E1 		mov	r8, r1	@ size, size
 433 040c 8C509FE5 		ldr	r5, .L74	@ tmp161,
 434 0410 8C609FE5 		ldr	r6, .L74+4	@ tmp163,
 435 0414 8CA09FE5 		ldr	sl, .L74+8	@ tmp164,
 436 0418 8CB09FE5 		ldr	fp, .L74+12	@ tmp165,
 437 041c 0490A0E1 		mov	r9, r4	@ tmp166, rc
 438 0420 010000EA 		b	.L68	@
 439              	.L72:
 440 0424 0420C7E7 		strb	r2, [r7, r4]	@ ch,* rc
 441 0428 014084E2 		add	r4, r4, #1	@ rc, rc,
 442              	.L68:
 443 042c 080054E1 		cmp	r4, r8	@ rc, size
 444 0430 74209FE5 		ldr	r2, .L74+12	@,
 445 0434 1400002A 		bcs	.L69	@,
 446 0438 001095E5 		ldr	r1, [r5, #0]	@ pgpos.13, pgpos
 447 043c 000051E3 		cmp	r1, #0	@ pgpos.13,
 448 0440 020000BA 		blt	.L70	@,
 449 0444 00309AE5 		ldr	r3, [sl, #0]	@ page_size, page_size
 450 0448 030051E1 		cmp	r1, r3	@ pgpos.13, page_size
 451 044c 0800003A 		bcc	.L71	@,
 452              	.L70:
 453 0450 58309FE5 		ldr	r3, .L74+16	@,
 454 0454 001096E5 		ldr	r1, [r6, #0]	@, pgnum
 455 0458 000093E5 		ldr	r0, [r3, #0]	@, at45db
 456 045c 00309AE5 		ldr	r3, [sl, #0]	@, page_size
ARM GAS  C:\DOCUME~1\ADMINI~1\LOCALS~1\Temp/cck2Tm31.s 			page 9


 457 0460 FEFFFFEB 		bl	At45dbPageRead	@
 458 0464 003096E5 		ldr	r3, [r6, #0]	@ pgnum, pgnum
 459 0468 013083E2 		add	r3, r3, #1	@ tmp151, pgnum,
 460 046c 003086E5 		str	r3, [r6, #0]	@ tmp151, pgnum
 461 0470 009085E5 		str	r9, [r5, #0]	@ tmp166, pgpos
 462              	.L71:
 463 0474 003095E5 		ldr	r3, [r5, #0]	@ pgpos.132, pgpos
 464 0478 0320DBE7 		ldrb	r2, [fp, r3]	@ zero_extendqisi2	@ ch, pgbuf
 465 047c 013083E2 		add	r3, r3, #1	@ tmp157, pgpos.132,
 466 0480 000052E3 		cmp	r2, #0	@ ch,
 467 0484 003085E5 		str	r3, [r5, #0]	@ tmp157, pgpos
 468 0488 E5FFFF1A 		bne	.L72	@,
 469              	.L69:
 470 048c 0030A0E3 		mov	r3, #0	@ tmp158,
 471 0490 0430C7E7 		strb	r3, [r7, r4]	@ tmp158,* rc
 472 0494 010084E2 		add	r0, r4, #1	@, rc,
 473 0498 F04FBDE8 		ldmfd	sp!, {r4, r5, r6, r7, r8, r9, sl, fp, lr}
 474 049c 1EFF2FE1 		bx	lr
 475              	.L75:
 476              		.align	2
 477              	.L74:
 478 04a0 00000000 		.word	pgpos
 479 04a4 0C000000 		.word	pgnum
 480 04a8 08000000 		.word	page_size
 481 04ac 10000000 		.word	pgbuf
 482 04b0 04000000 		.word	at45db
 483              		.size	ConfigLoadString, .-ConfigLoadString
 484              		.section	.rodata.str1.1,"aMS",%progbits,1
 485              	.LC0:
 486 0000 69723100 		.ascii	"ir1\000"
 487              		.text
 488              		.align	2
 489              		.global	ConfigLoad
 490              		.type	ConfigLoad, %function
 491              	ConfigLoad:
 492              		@ Function supports interworking.
 493              		@ args = 0, pretend = 0, frame = 0
 494              		@ frame_needed = 0, uses_anonymous_args = 0
 495 04b4 30402DE9 		stmfd	sp!, {r4, r5, lr}	@,
 496 04b8 2000A0E3 		mov	r0, #32	@,
 497 04bc FEFFFFEB 		bl	malloc	@
 498 04c0 44309FE5 		ldr	r3, .L80	@ tmp139,
 499 04c4 0220A0E3 		mov	r2, #2	@ tmp140,
 500 04c8 002083E5 		str	r2, [r3, #0]	@ tmp140, pgnum
 501 04cc 3C309FE5 		ldr	r3, .L80+4	@ tmp141,
 502 04d0 0020E0E3 		mvn	r2, #0	@ tmp142,
 503 04d4 0050A0E1 		mov	r5, r0	@ tmp138,
 504 04d8 002083E5 		str	r2, [r3, #0]	@ tmp142, pgpos
 505 04dc 2010A0E3 		mov	r1, #32	@,
 506 04e0 FEFFFFEB 		bl	ConfigLoadString	@
 507 04e4 28109FE5 		ldr	r1, .L80+8	@,
 508 04e8 0500A0E1 		mov	r0, r5	@, tmp138
 509 04ec FEFFFFEB 		bl	strcmp	@
 510 04f0 004050E2 		subs	r4, r0, #0	@ tmp144,
 511 04f4 0040E013 		mvnne	r4, #0	@, rc,
 512 04f8 0500A0E1 		mov	r0, r5	@, tmp138
 513 04fc FEFFFFEB 		bl	free	@
ARM GAS  C:\DOCUME~1\ADMINI~1\LOCALS~1\Temp/cck2Tm31.s 			page 10


 514 0500 0400A0E1 		mov	r0, r4	@, rc
 515 0504 3040BDE8 		ldmfd	sp!, {r4, r5, lr}
 516 0508 1EFF2FE1 		bx	lr
 517              	.L81:
 518              		.align	2
 519              	.L80:
 520 050c 0C000000 		.word	pgnum
 521 0510 00000000 		.word	pgpos
 522 0514 00000000 		.word	.LC0
 523              		.size	ConfigLoad, .-ConfigLoad
 524              		.align	2
 525              		.global	ConfigFlush
 526              		.type	ConfigFlush, %function
 527              	ConfigFlush:
 528              		@ Function supports interworking.
 529              		@ args = 0, pretend = 0, frame = 0
 530              		@ frame_needed = 0, uses_anonymous_args = 0
 531 0518 40309FE5 		ldr	r3, .L85	@ tmp133,
 532 051c 003093E5 		ldr	r3, [r3, #0]	@ pgpos, pgpos
 533 0520 000053E3 		cmp	r3, #0	@ pgpos,
 534 0524 30402DE9 		stmfd	sp!, {r4, r5, lr}	@,
 535 0528 0A0000DA 		ble	.L84	@,
 536 052c 30409FE5 		ldr	r4, .L85+4	@ tmp135,
 537 0530 30509FE5 		ldr	r5, .L85+8	@ tmp136,
 538 0534 000094E5 		ldr	r0, [r4, #0]	@, at45db
 539 0538 001095E5 		ldr	r1, [r5, #0]	@, pgnum
 540 053c FEFFFFEB 		bl	At45dbPageErase	@
 541 0540 24309FE5 		ldr	r3, .L85+12	@ tmp140,
 542 0544 000094E5 		ldr	r0, [r4, #0]	@, at45db
 543 0548 001095E5 		ldr	r1, [r5, #0]	@, pgnum
 544 054c 003093E5 		ldr	r3, [r3, #0]	@, page_size
 545 0550 18209FE5 		ldr	r2, .L85+16	@,
 546 0554 FEFFFFEB 		bl	At45dbPageWrite	@
 547              	.L84:
 548 0558 3040BDE8 		ldmfd	sp!, {r4, r5, lr}
 549 055c 1EFF2FE1 		bx	lr
 550              	.L86:
 551              		.align	2
 552              	.L85:
 553 0560 00000000 		.word	pgpos
 554 0564 04000000 		.word	at45db
 555 0568 0C000000 		.word	pgnum
 556 056c 08000000 		.word	page_size
 557 0570 10000000 		.word	pgbuf
 558              		.size	ConfigFlush, .-ConfigFlush
 559              		.align	2
 560              		.type	ConfigPut, %function
 561              	ConfigPut:
 562              		@ Function supports interworking.
 563              		@ args = 0, pretend = 0, frame = 0
 564              		@ frame_needed = 0, uses_anonymous_args = 0
 565 0574 30402DE9 		stmfd	sp!, {r4, r5, lr}	@,
 566 0578 74409FE5 		ldr	r4, .L91	@ tmp137,
 567 057c 003094E5 		ldr	r3, [r4, #0]	@ pgpos, pgpos
 568 0580 000053E3 		cmp	r3, #0	@ pgpos,
 569 0584 FF5000E2 		and	r5, r0, #255	@ ch, ch,
 570 0588 060000AA 		bge	.L88	@,
ARM GAS  C:\DOCUME~1\ADMINI~1\LOCALS~1\Temp/cck2Tm31.s 			page 11


 571 058c 64309FE5 		ldr	r3, .L91+4	@ tmp139,
 572 0590 64009FE5 		ldr	r0, .L91+8	@,
 573 0594 002093E5 		ldr	r2, [r3, #0]	@, page_size
 574 0598 FF10A0E3 		mov	r1, #255	@,
 575 059c FEFFFFEB 		bl	memset	@
 576 05a0 0030A0E3 		mov	r3, #0	@ tmp144,
 577 05a4 003084E5 		str	r3, [r4, #0]	@ tmp144, pgpos
 578              	.L88:
 579 05a8 44409FE5 		ldr	r4, .L91	@ tmp145,
 580 05ac 44309FE5 		ldr	r3, .L91+4	@ tmp149,
 581 05b0 001094E5 		ldr	r1, [r4, #0]	@ pgpos.156, pgpos
 582 05b4 003093E5 		ldr	r3, [r3, #0]	@ page_size, page_size
 583 05b8 012081E2 		add	r2, r1, #1	@ pgpos.9, pgpos.156,
 584 05bc 030052E1 		cmp	r2, r3	@ pgpos.9, page_size
 585 05c0 34309FE5 		ldr	r3, .L91+8	@ tmp146,
 586 05c4 002084E5 		str	r2, [r4, #0]	@ pgpos.9, pgpos
 587 05c8 0150C3E7 		strb	r5, [r3, r1]	@ ch, pgbuf
 588 05cc 0600003A 		bcc	.L90	@,
 589 05d0 FEFFFFEB 		bl	ConfigFlush	@
 590 05d4 24309FE5 		ldr	r3, .L91+12	@ tmp151,
 591 05d8 002093E5 		ldr	r2, [r3, #0]	@ pgnum, pgnum
 592 05dc 012082E2 		add	r2, r2, #1	@ tmp154, pgnum,
 593 05e0 002083E5 		str	r2, [r3, #0]	@ tmp154, pgnum
 594 05e4 0030A0E3 		mov	r3, #0	@ tmp156,
 595 05e8 003084E5 		str	r3, [r4, #0]	@ tmp156, pgpos
 596              	.L90:
 597 05ec 3040BDE8 		ldmfd	sp!, {r4, r5, lr}
 598 05f0 1EFF2FE1 		bx	lr
 599              	.L92:
 600              		.align	2
 601              	.L91:
 602 05f4 00000000 		.word	pgpos
 603 05f8 08000000 		.word	page_size
 604 05fc 10000000 		.word	pgbuf
 605 0600 0C000000 		.word	pgnum
 606              		.size	ConfigPut, .-ConfigPut
 607              		.align	2
 608              		.global	ConfigSaveBinary
 609              		.type	ConfigSaveBinary, %function
 610              	ConfigSaveBinary:
 611              		@ Function supports interworking.
 612              		@ args = 0, pretend = 0, frame = 0
 613              		@ frame_needed = 0, uses_anonymous_args = 0
 614 0604 70402DE9 		stmfd	sp!, {r4, r5, r6, lr}	@,
 615 0608 0060A0E1 		mov	r6, r0	@ data, data
 616 060c 0150A0E1 		mov	r5, r1	@ len, len
 617 0610 0040A0E3 		mov	r4, #0	@ ivtmp.166,
 618 0614 020000EA 		b	.L94	@
 619              	.L95:
 620 0618 0400D6E7 		ldrb	r0, [r6, r4]	@ zero_extendqisi2	@,* ivtmp.166
 621 061c D4FFFFEB 		bl	ConfigPut	@
 622 0620 014084E2 		add	r4, r4, #1	@ ivtmp.166, ivtmp.166,
 623              	.L94:
 624 0624 000055E3 		cmp	r5, #0	@ len,
 625 0628 015045E2 		sub	r5, r5, #1	@ len, len,
 626 062c F9FFFF1A 		bne	.L95	@,
 627 0630 7040BDE8 		ldmfd	sp!, {r4, r5, r6, lr}
ARM GAS  C:\DOCUME~1\ADMINI~1\LOCALS~1\Temp/cck2Tm31.s 			page 12


 628 0634 1EFF2FE1 		bx	lr
 629              		.size	ConfigSaveBinary, .-ConfigSaveBinary
 630              		.align	2
 631              		.global	ConfigSaveString
 632              		.type	ConfigSaveString, %function
 633              	ConfigSaveString:
 634              		@ Function supports interworking.
 635              		@ args = 0, pretend = 0, frame = 0
 636              		@ frame_needed = 0, uses_anonymous_args = 0
 637 0638 30402DE9 		stmfd	sp!, {r4, r5, lr}	@,
 638 063c 0050A0E1 		mov	r5, r0	@ str, str
 639 0640 0040A0E3 		mov	r4, #0	@ ivtmp.184,
 640              	.L98:
 641 0644 0400D5E7 		ldrb	r0, [r5, r4]	@ zero_extendqisi2	@,* ivtmp.184
 642 0648 C9FFFFEB 		bl	ConfigPut	@
 643 064c 0430D5E7 		ldrb	r3, [r5, r4]	@ zero_extendqisi2	@ temp.187,* ivtmp.184
 644 0650 000053E3 		cmp	r3, #0	@ temp.187,
 645 0654 014084E2 		add	r4, r4, #1	@ ivtmp.184, ivtmp.184,
 646 0658 F9FFFF1A 		bne	.L98	@,
 647 065c 3040BDE8 		ldmfd	sp!, {r4, r5, lr}
 648 0660 1EFF2FE1 		bx	lr
 649              		.size	ConfigSaveString, .-ConfigSaveString
 650              		.align	2
 651              		.global	NutNetSaveConfig
 652              		.type	NutNetSaveConfig, %function
 653              	NutNetSaveConfig:
 654              		@ Function supports interworking.
 655              		@ args = 0, pretend = 0, frame = 0
 656              		@ frame_needed = 0, uses_anonymous_args = 0
 657 0664 3C309FE5 		ldr	r3, .L103	@ tmp137,
 658 0668 0120A0E3 		mov	r2, #1	@ tmp138,
 659 066c 04E02DE5 		str	lr, [sp, #-4]!	@,
 660 0670 002083E5 		str	r2, [r3, #0]	@ tmp138, pgnum
 661 0674 30E09FE5 		ldr	lr, .L103+4	@ tmp134,
 662 0678 30309FE5 		ldr	r3, .L103+8	@ tmp139,
 663 067c 20C0A0E3 		mov	ip, #32	@ tmp135,
 664 0680 0020E0E3 		mvn	r2, #0	@ tmp140,
 665 0684 0E00A0E1 		mov	r0, lr	@, tmp134
 666 0688 0C10A0E1 		mov	r1, ip	@, tmp135
 667 068c 002083E5 		str	r2, [r3, #0]	@ tmp140, pgpos
 668 0690 00C0CEE5 		strb	ip, [lr, #0]	@ tmp135, confnet.cd_size
 669 0694 FEFFFFEB 		bl	ConfigSaveBinary	@
 670 0698 FEFFFFEB 		bl	ConfigFlush	@
 671 069c 0000A0E3 		mov	r0, #0	@,
 672 06a0 04E09DE4 		ldr	lr, [sp], #4
 673 06a4 1EFF2FE1 		bx	lr
 674              	.L104:
 675              		.align	2
 676              	.L103:
 677 06a8 0C000000 		.word	pgnum
 678 06ac 00000000 		.word	confnet
 679 06b0 00000000 		.word	pgpos
 680              		.size	NutNetSaveConfig, .-NutNetSaveConfig
 681              		.align	2
 682              		.global	NutSaveConfig
 683              		.type	NutSaveConfig, %function
 684              	NutSaveConfig:
ARM GAS  C:\DOCUME~1\ADMINI~1\LOCALS~1\Temp/cck2Tm31.s 			page 13


 685              		@ Function supports interworking.
 686              		@ args = 0, pretend = 0, frame = 0
 687              		@ frame_needed = 0, uses_anonymous_args = 0
 688 06b4 4C309FE5 		ldr	r3, .L107	@ tmp145,
 689 06b8 4CC09FE5 		ldr	ip, .L107+4	@ tmp134,
 690 06bc 0020E0E3 		mvn	r2, #0	@ tmp146,
 691 06c0 002083E5 		str	r2, [r3, #0]	@ tmp146, pgpos
 692 06c4 4F30A0E3 		mov	r3, #79	@ tmp138,
 693 06c8 0130CCE5 		strb	r3, [ip, #1]	@ tmp138, confos.magic
 694 06cc 043083E2 		add	r3, r3, #4	@ tmp141, tmp141,
 695 06d0 0230CCE5 		strb	r3, [ip, #2]	@ tmp141, confos.magic
 696 06d4 34309FE5 		ldr	r3, .L107+8	@ tmp143,
 697 06d8 10402DE9 		stmfd	sp!, {r4, lr}	@,
 698 06dc 13E0A0E3 		mov	lr, #19	@ tmp135,
 699 06e0 0040A0E3 		mov	r4, #0	@ tmp144,
 700 06e4 0C00A0E1 		mov	r0, ip	@, tmp134
 701 06e8 0E10A0E1 		mov	r1, lr	@, tmp135
 702 06ec 004083E5 		str	r4, [r3, #0]	@ tmp144, pgnum
 703 06f0 00E0CCE5 		strb	lr, [ip, #0]	@ tmp135, confos.size
 704 06f4 FEFFFFEB 		bl	ConfigSaveBinary	@
 705 06f8 FEFFFFEB 		bl	ConfigFlush	@
 706 06fc 0400A0E1 		mov	r0, r4	@, tmp144
 707 0700 1040BDE8 		ldmfd	sp!, {r4, lr}
 708 0704 1EFF2FE1 		bx	lr
 709              	.L108:
 710              		.align	2
 711              	.L107:
 712 0708 00000000 		.word	pgpos
 713 070c 00000000 		.word	confos
 714 0710 0C000000 		.word	pgnum
 715              		.size	NutSaveConfig, .-NutSaveConfig
 716              		.align	2
 717              		.global	ConfigSave
 718              		.type	ConfigSave, %function
 719              	ConfigSave:
 720              		@ Function supports interworking.
 721              		@ args = 0, pretend = 0, frame = 0
 722              		@ frame_needed = 0, uses_anonymous_args = 0
 723 0714 2C309FE5 		ldr	r3, .L111	@ tmp134,
 724 0718 0220A0E3 		mov	r2, #2	@ tmp135,
 725 071c 002083E5 		str	r2, [r3, #0]	@ tmp135, pgnum
 726 0720 24309FE5 		ldr	r3, .L111+4	@ tmp136,
 727 0724 0020E0E3 		mvn	r2, #0	@ tmp137,
 728 0728 04E02DE5 		str	lr, [sp, #-4]!	@,
 729 072c 1C009FE5 		ldr	r0, .L111+8	@,
 730 0730 002083E5 		str	r2, [r3, #0]	@ tmp137, pgpos
 731 0734 FEFFFFEB 		bl	ConfigSaveString	@
 732 0738 FEFFFFEB 		bl	ConfigFlush	@
 733 073c 0000A0E3 		mov	r0, #0	@,
 734 0740 04E09DE4 		ldr	lr, [sp], #4
 735 0744 1EFF2FE1 		bx	lr
 736              	.L112:
 737              		.align	2
 738              	.L111:
 739 0748 0C000000 		.word	pgnum
 740 074c 00000000 		.word	pgpos
 741 0750 00000000 		.word	.LC0
ARM GAS  C:\DOCUME~1\ADMINI~1\LOCALS~1\Temp/cck2Tm31.s 			page 14


 742              		.size	ConfigSave, .-ConfigSave
 743              		.data
 744              		.align	2
 745              		.type	pgpos, %object
 746              		.size	pgpos, 4
 747              	pgpos:
 748 0000 FFFFFFFF 		.word	-1
 749              		.bss
 750              		.align	2
 751              	done.2390:
 752 0000 00000000 		.space	4
 753              		.align	2
 754              	at45db:
 755 0004 00000000 		.space	4
 756              		.align	2
 757              	page_size:
 758 0008 00000000 		.space	4
 759              		.align	2
 760              	pgnum:
 761 000c 00000000 		.space	4
 762              	pgbuf:
 763 0010 00000000 		.space	1056
 763      00000000 
 763      00000000 
 763      00000000 
 763      00000000 
 764              		.comm	confos,19,1
 765              		.comm	confnet,32,1
 766              		.comm	proxy,132,4
 767              		.ident	"GCC: (GNU) 4.3.2"
ARM GAS  C:\DOCUME~1\ADMINI~1\LOCALS~1\Temp/cck2Tm31.s 			page 15


DEFINED SYMBOLS
                            *ABS*:00000000 config.c
C:\DOCUME~1\ADMINI~1\LOCALS~1\Temp/cck2Tm31.s:42     .text:00000000 InitElektorHardware
C:\DOCUME~1\ADMINI~1\LOCALS~1\Temp/cck2Tm31.s:47     .text:00000000 $a
C:\DOCUME~1\ADMINI~1\LOCALS~1\Temp/cck2Tm31.s:89     .text:00000098 $d
C:\DOCUME~1\ADMINI~1\LOCALS~1\Temp/cck2Tm31.s:751    .bss:00000000 done.2390
C:\DOCUME~1\ADMINI~1\LOCALS~1\Temp/cck2Tm31.s:95     .text:000000a0 SpiSetMode
C:\DOCUME~1\ADMINI~1\LOCALS~1\Temp/cck2Tm31.s:100    .text:000000a0 $a
C:\DOCUME~1\ADMINI~1\LOCALS~1\Temp/cck2Tm31.s:110    .text:000000bc $d
C:\DOCUME~1\ADMINI~1\LOCALS~1\Temp/cck2Tm31.s:115    .text:000000c0 At91SpiTransfer2
C:\DOCUME~1\ADMINI~1\LOCALS~1\Temp/cck2Tm31.s:120    .text:000000c0 $a
C:\DOCUME~1\ADMINI~1\LOCALS~1\Temp/cck2Tm31.s:181    .text:00000190 $d
C:\DOCUME~1\ADMINI~1\LOCALS~1\Temp/cck2Tm31.s:186    .text:00000194 ConfigSize
C:\DOCUME~1\ADMINI~1\LOCALS~1\Temp/cck2Tm31.s:191    .text:00000194 $a
C:\DOCUME~1\ADMINI~1\LOCALS~1\Temp/cck2Tm31.s:197    .text:0000019c ConfigRewind
C:\DOCUME~1\ADMINI~1\LOCALS~1\Temp/cck2Tm31.s:211    .text:000001b4 $d
C:\DOCUME~1\ADMINI~1\LOCALS~1\Temp/cck2Tm31.s:760    .bss:0000000c pgnum
C:\DOCUME~1\ADMINI~1\LOCALS~1\Temp/cck2Tm31.s:747    .data:00000000 pgpos
C:\DOCUME~1\ADMINI~1\LOCALS~1\Temp/cck2Tm31.s:217    .text:000001bc ConfigInit
C:\DOCUME~1\ADMINI~1\LOCALS~1\Temp/cck2Tm31.s:221    .text:000001bc $a
C:\DOCUME~1\ADMINI~1\LOCALS~1\Temp/cck2Tm31.s:245    .text:0000020c $d
C:\DOCUME~1\ADMINI~1\LOCALS~1\Temp/cck2Tm31.s:757    .bss:00000008 page_size
C:\DOCUME~1\ADMINI~1\LOCALS~1\Temp/cck2Tm31.s:754    .bss:00000004 at45db
C:\DOCUME~1\ADMINI~1\LOCALS~1\Temp/cck2Tm31.s:252    .text:00000218 ConfigResetFactory
C:\DOCUME~1\ADMINI~1\LOCALS~1\Temp/cck2Tm31.s:256    .text:00000218 $a
C:\DOCUME~1\ADMINI~1\LOCALS~1\Temp/cck2Tm31.s:266    .text:00000234 $d
                            *COM*:00000084 proxy
C:\DOCUME~1\ADMINI~1\LOCALS~1\Temp/cck2Tm31.s:271    .text:00000238 ConfigLoadBinary
C:\DOCUME~1\ADMINI~1\LOCALS~1\Temp/cck2Tm31.s:275    .text:00000238 $a
C:\DOCUME~1\ADMINI~1\LOCALS~1\Temp/cck2Tm31.s:319    .text:000002cc $d
C:\DOCUME~1\ADMINI~1\LOCALS~1\Temp/cck2Tm31.s:762    .bss:00000010 pgbuf
C:\DOCUME~1\ADMINI~1\LOCALS~1\Temp/cck2Tm31.s:328    .text:000002e0 NutNetLoadConfig
C:\DOCUME~1\ADMINI~1\LOCALS~1\Temp/cck2Tm31.s:332    .text:000002e0 $a
C:\DOCUME~1\ADMINI~1\LOCALS~1\Temp/cck2Tm31.s:371    .text:00000368 $d
                            *COM*:00000020 confnet
C:\DOCUME~1\ADMINI~1\LOCALS~1\Temp/cck2Tm31.s:379    .text:00000378 NutLoadConfig
C:\DOCUME~1\ADMINI~1\LOCALS~1\Temp/cck2Tm31.s:383    .text:00000378 $a
C:\DOCUME~1\ADMINI~1\LOCALS~1\Temp/cck2Tm31.s:418    .text:000003f0 $d
                            *COM*:00000013 confos
C:\DOCUME~1\ADMINI~1\LOCALS~1\Temp/cck2Tm31.s:425    .text:000003fc ConfigLoadString
C:\DOCUME~1\ADMINI~1\LOCALS~1\Temp/cck2Tm31.s:429    .text:000003fc $a
C:\DOCUME~1\ADMINI~1\LOCALS~1\Temp/cck2Tm31.s:478    .text:000004a0 $d
C:\DOCUME~1\ADMINI~1\LOCALS~1\Temp/cck2Tm31.s:491    .text:000004b4 ConfigLoad
C:\DOCUME~1\ADMINI~1\LOCALS~1\Temp/cck2Tm31.s:495    .text:000004b4 $a
C:\DOCUME~1\ADMINI~1\LOCALS~1\Temp/cck2Tm31.s:520    .text:0000050c $d
C:\DOCUME~1\ADMINI~1\LOCALS~1\Temp/cck2Tm31.s:527    .text:00000518 ConfigFlush
C:\DOCUME~1\ADMINI~1\LOCALS~1\Temp/cck2Tm31.s:531    .text:00000518 $a
C:\DOCUME~1\ADMINI~1\LOCALS~1\Temp/cck2Tm31.s:553    .text:00000560 $d
C:\DOCUME~1\ADMINI~1\LOCALS~1\Temp/cck2Tm31.s:561    .text:00000574 ConfigPut
C:\DOCUME~1\ADMINI~1\LOCALS~1\Temp/cck2Tm31.s:565    .text:00000574 $a
C:\DOCUME~1\ADMINI~1\LOCALS~1\Temp/cck2Tm31.s:602    .text:000005f4 $d
C:\DOCUME~1\ADMINI~1\LOCALS~1\Temp/cck2Tm31.s:610    .text:00000604 ConfigSaveBinary
C:\DOCUME~1\ADMINI~1\LOCALS~1\Temp/cck2Tm31.s:614    .text:00000604 $a
C:\DOCUME~1\ADMINI~1\LOCALS~1\Temp/cck2Tm31.s:633    .text:00000638 ConfigSaveString
C:\DOCUME~1\ADMINI~1\LOCALS~1\Temp/cck2Tm31.s:653    .text:00000664 NutNetSaveConfig
C:\DOCUME~1\ADMINI~1\LOCALS~1\Temp/cck2Tm31.s:677    .text:000006a8 $d
C:\DOCUME~1\ADMINI~1\LOCALS~1\Temp/cck2Tm31.s:684    .text:000006b4 NutSaveConfig
ARM GAS  C:\DOCUME~1\ADMINI~1\LOCALS~1\Temp/cck2Tm31.s 			page 16


C:\DOCUME~1\ADMINI~1\LOCALS~1\Temp/cck2Tm31.s:688    .text:000006b4 $a
C:\DOCUME~1\ADMINI~1\LOCALS~1\Temp/cck2Tm31.s:712    .text:00000708 $d
C:\DOCUME~1\ADMINI~1\LOCALS~1\Temp/cck2Tm31.s:719    .text:00000714 ConfigSave
C:\DOCUME~1\ADMINI~1\LOCALS~1\Temp/cck2Tm31.s:723    .text:00000714 $a
C:\DOCUME~1\ADMINI~1\LOCALS~1\Temp/cck2Tm31.s:739    .text:00000748 $d
C:\DOCUME~1\ADMINI~1\LOCALS~1\Temp/cck2Tm31.s:748    .data:00000000 $d

UNDEFINED SYMBOLS
At45dbInit
At45dbPageSize
memset
At45dbPageRead
strcmp
malloc
free
At45dbPageErase
At45dbPageWrite
