ARM GAS  C:\DOCUME~1\ADMINI~1\LOCALS~1\Temp/ccrOuAVS.s 			page 1


   1              		.file	"ioBoard.c"
   2              	@ GNU C (GCC) version 4.3.2 (arm-elf)
   3              	@	compiled by GNU C version 3.4.5 (mingw special), GMP version 4.2.2, MPFR version 2.3.1.
   4              	@ GGC heuristics: --param ggc-min-expand=99 --param ggc-min-heapsize=131006
   5              	@ options passed:  -IC:/ethernut-4.7.4/nutbld/include
   6              	@ -IC:/ethernut-4.7.4/nutbld -IC:/ethernut-4.7.4/nut/include -imultilib
   7              	@ interwork -iprefix c:\program files\yagarto\bin\../lib/gcc/arm-elf/4.3.2/
   8              	@ -D__USES_INITFINI__ -DELEKTOR_IR1 ioBoard.c -mcpu=arm7tdmi
   9              	@ -mthumb-interwork -auxbase-strip ioBoard.o -Os -Wall -Wstrict-prototypes
  10              	@ -fomit-frame-pointer -fverbose-asm
  11              	@ options enabled:  -falign-loops -fargument-alias -fauto-inc-dec
  12              	@ -fbranch-count-reg -fcaller-saves -fcommon -fcprop-registers
  13              	@ -fcrossjumping -fcse-follow-jumps -fdefer-pop
  14              	@ -fdelete-null-pointer-checks -fearly-inlining
  15              	@ -feliminate-unused-debug-types -fexpensive-optimizations
  16              	@ -fforward-propagate -ffunction-cse -fgcse -fgcse-lm
  17              	@ -fguess-branch-probability -fident -fif-conversion -fif-conversion2
  18              	@ -finline-functions -finline-functions-called-once
  19              	@ -finline-small-functions -fipa-pure-const -fipa-reference -fivopts
  20              	@ -fkeep-static-consts -fleading-underscore -fmath-errno -fmerge-constants
  21              	@ -fmerge-debug-strings -fmove-loop-invariants -fomit-frame-pointer
  22              	@ -foptimize-register-move -foptimize-sibling-calls -fpeephole -fpeephole2
  23              	@ -freg-struct-return -fregmove -freorder-functions -frerun-cse-after-loop
  24              	@ -fsched-interblock -fsched-spec -fsched-stalled-insns-dep
  25              	@ -fschedule-insns -fschedule-insns2 -fsigned-zeros -fsplit-ivs-in-unroller
  26              	@ -fsplit-wide-types -fstrict-aliasing -fstrict-overflow -fthread-jumps
  27              	@ -ftoplevel-reorder -ftrapping-math -ftree-ccp -ftree-copy-prop
  28              	@ -ftree-copyrename -ftree-cselim -ftree-dce -ftree-dominator-opts
  29              	@ -ftree-dse -ftree-fre -ftree-loop-im -ftree-loop-ivcanon
  30              	@ -ftree-loop-optimize -ftree-parallelize-loops= -ftree-reassoc
  31              	@ -ftree-salias -ftree-scev-cprop -ftree-sink -ftree-sra -ftree-store-ccp
  32              	@ -ftree-ter -ftree-vect-loop-version -ftree-vrp -funit-at-a-time
  33              	@ -fverbose-asm -fzero-initialized-in-bss -mlittle-endian -msched-prolog
  34              	@ -mthumb-interwork
  35              	
  36              	@ Compiler executable checksum: 6db586a17c82d36a40d1394fc9f8b6f8
  37              	
  38              		.text
  39              		.align	2
  40              		.global	led1On
  41              		.type	led1On, %function
  42              	led1On:
  43              		@ Function supports interworking.
  44              		@ args = 0, pretend = 0, frame = 0
  45              		@ frame_needed = 0, uses_anonymous_args = 0
  46              		@ link register save eliminated.
  47 0000 0020E0E3 		mvn	r2, #0	@ tmp133,
  48 0004 0130A0E3 		mov	r3, #1	@ tmp134,
  49 0008 EF3B02E5 		str	r3, [r2, #-3055]	@ tmp134,
  50 000c CF3B02E5 		str	r3, [r2, #-3023]	@ tmp134,
  51 0010 1EFF2FE1 		bx	lr	@
  52              		.size	led1On, .-led1On
  53              		.align	2
  54              		.global	led2On
  55              		.type	led2On, %function
  56              	led2On:
  57              		@ Function supports interworking.
ARM GAS  C:\DOCUME~1\ADMINI~1\LOCALS~1\Temp/ccrOuAVS.s 			page 2


  58              		@ args = 0, pretend = 0, frame = 0
  59              		@ frame_needed = 0, uses_anonymous_args = 0
  60              		@ link register save eliminated.
  61 0014 0020E0E3 		mvn	r2, #0	@ tmp133,
  62 0018 0230A0E3 		mov	r3, #2	@ tmp134,
  63 001c EF3B02E5 		str	r3, [r2, #-3055]	@ tmp134,
  64 0020 CF3B02E5 		str	r3, [r2, #-3023]	@ tmp134,
  65 0024 1EFF2FE1 		bx	lr	@
  66              		.size	led2On, .-led2On
  67              		.align	2
  68              		.global	led3On
  69              		.type	led3On, %function
  70              	led3On:
  71              		@ Function supports interworking.
  72              		@ args = 0, pretend = 0, frame = 0
  73              		@ frame_needed = 0, uses_anonymous_args = 0
  74              		@ link register save eliminated.
  75 0028 0020E0E3 		mvn	r2, #0	@ tmp133,
  76 002c 0430A0E3 		mov	r3, #4	@ tmp134,
  77 0030 EF3B02E5 		str	r3, [r2, #-3055]	@ tmp134,
  78 0034 CF3B02E5 		str	r3, [r2, #-3023]	@ tmp134,
  79 0038 1EFF2FE1 		bx	lr	@
  80              		.size	led3On, .-led3On
  81              		.align	2
  82              		.global	led4On
  83              		.type	led4On, %function
  84              	led4On:
  85              		@ Function supports interworking.
  86              		@ args = 0, pretend = 0, frame = 0
  87              		@ frame_needed = 0, uses_anonymous_args = 0
  88              		@ link register save eliminated.
  89 003c 0020E0E3 		mvn	r2, #0	@ tmp133,
  90 0040 0135A0E3 		mov	r3, #4194304	@ tmp134,
  91 0044 EF3B02E5 		str	r3, [r2, #-3055]	@ tmp134,
  92 0048 CF3B02E5 		str	r3, [r2, #-3023]	@ tmp134,
  93 004c 1EFF2FE1 		bx	lr	@
  94              		.size	led4On, .-led4On
  95              		.align	2
  96              		.global	led1Off
  97              		.type	led1Off, %function
  98              	led1Off:
  99              		@ Function supports interworking.
 100              		@ args = 0, pretend = 0, frame = 0
 101              		@ frame_needed = 0, uses_anonymous_args = 0
 102              		@ link register save eliminated.
 103 0050 0020E0E3 		mvn	r2, #0	@ tmp133,
 104 0054 0130A0E3 		mov	r3, #1	@ tmp134,
 105 0058 EF3B02E5 		str	r3, [r2, #-3055]	@ tmp134,
 106 005c CB3B02E5 		str	r3, [r2, #-3019]	@ tmp134,
 107 0060 1EFF2FE1 		bx	lr	@
 108              		.size	led1Off, .-led1Off
 109              		.align	2
 110              		.global	led2Off
 111              		.type	led2Off, %function
 112              	led2Off:
 113              		@ Function supports interworking.
 114              		@ args = 0, pretend = 0, frame = 0
ARM GAS  C:\DOCUME~1\ADMINI~1\LOCALS~1\Temp/ccrOuAVS.s 			page 3


 115              		@ frame_needed = 0, uses_anonymous_args = 0
 116              		@ link register save eliminated.
 117 0064 0020E0E3 		mvn	r2, #0	@ tmp133,
 118 0068 0230A0E3 		mov	r3, #2	@ tmp134,
 119 006c EF3B02E5 		str	r3, [r2, #-3055]	@ tmp134,
 120 0070 CB3B02E5 		str	r3, [r2, #-3019]	@ tmp134,
 121 0074 1EFF2FE1 		bx	lr	@
 122              		.size	led2Off, .-led2Off
 123              		.align	2
 124              		.global	led3Off
 125              		.type	led3Off, %function
 126              	led3Off:
 127              		@ Function supports interworking.
 128              		@ args = 0, pretend = 0, frame = 0
 129              		@ frame_needed = 0, uses_anonymous_args = 0
 130              		@ link register save eliminated.
 131 0078 0020E0E3 		mvn	r2, #0	@ tmp133,
 132 007c 0430A0E3 		mov	r3, #4	@ tmp134,
 133 0080 EF3B02E5 		str	r3, [r2, #-3055]	@ tmp134,
 134 0084 CB3B02E5 		str	r3, [r2, #-3019]	@ tmp134,
 135 0088 1EFF2FE1 		bx	lr	@
 136              		.size	led3Off, .-led3Off
 137              		.align	2
 138              		.global	led4Off
 139              		.type	led4Off, %function
 140              	led4Off:
 141              		@ Function supports interworking.
 142              		@ args = 0, pretend = 0, frame = 0
 143              		@ frame_needed = 0, uses_anonymous_args = 0
 144              		@ link register save eliminated.
 145 008c 0020E0E3 		mvn	r2, #0	@ tmp133,
 146 0090 0135A0E3 		mov	r3, #4194304	@ tmp134,
 147 0094 EF3B02E5 		str	r3, [r2, #-3055]	@ tmp134,
 148 0098 CB3B02E5 		str	r3, [r2, #-3019]	@ tmp134,
 149 009c 1EFF2FE1 		bx	lr	@
 150              		.size	led4Off, .-led4Off
 151              		.align	2
 152              		.global	ledsOff
 153              		.type	ledsOff, %function
 154              	ledsOff:
 155              		@ Function supports interworking.
 156              		@ args = 0, pretend = 0, frame = 0
 157              		@ frame_needed = 0, uses_anonymous_args = 0
 158              		@ link register save eliminated.
 159 00a0 0030E0E3 		mvn	r3, #0	@ tmp133,
 160 00a4 0120A0E3 		mov	r2, #1	@ tmp134,
 161 00a8 0210A0E3 		mov	r1, #2	@ tmp138,
 162 00ac 0400A0E3 		mov	r0, #4	@ tmp142,
 163 00b0 01C5A0E3 		mov	ip, #4194304	@ tmp146,
 164 00b4 EF2B03E5 		str	r2, [r3, #-3055]	@ tmp134,
 165 00b8 CB2B03E5 		str	r2, [r3, #-3019]	@ tmp134,
 166 00bc EF1B03E5 		str	r1, [r3, #-3055]	@ tmp138,
 167 00c0 CB1B03E5 		str	r1, [r3, #-3019]	@ tmp138,
 168 00c4 EF0B03E5 		str	r0, [r3, #-3055]	@ tmp142,
 169 00c8 CB0B03E5 		str	r0, [r3, #-3019]	@ tmp142,
 170 00cc EFCB03E5 		str	ip, [r3, #-3055]	@ tmp146,
 171 00d0 CBCB03E5 		str	ip, [r3, #-3019]	@ tmp146,
ARM GAS  C:\DOCUME~1\ADMINI~1\LOCALS~1\Temp/ccrOuAVS.s 			page 4


 172 00d4 1EFF2FE1 		bx	lr	@
 173              		.size	ledsOff, .-ledsOff
 174              		.ident	"GCC: (GNU) 4.3.2"
ARM GAS  C:\DOCUME~1\ADMINI~1\LOCALS~1\Temp/ccrOuAVS.s 			page 5


DEFINED SYMBOLS
                            *ABS*:00000000 ioBoard.c
C:\DOCUME~1\ADMINI~1\LOCALS~1\Temp/ccrOuAVS.s:42     .text:00000000 led1On
C:\DOCUME~1\ADMINI~1\LOCALS~1\Temp/ccrOuAVS.s:47     .text:00000000 $a
C:\DOCUME~1\ADMINI~1\LOCALS~1\Temp/ccrOuAVS.s:56     .text:00000014 led2On
C:\DOCUME~1\ADMINI~1\LOCALS~1\Temp/ccrOuAVS.s:70     .text:00000028 led3On
C:\DOCUME~1\ADMINI~1\LOCALS~1\Temp/ccrOuAVS.s:84     .text:0000003c led4On
C:\DOCUME~1\ADMINI~1\LOCALS~1\Temp/ccrOuAVS.s:98     .text:00000050 led1Off
C:\DOCUME~1\ADMINI~1\LOCALS~1\Temp/ccrOuAVS.s:112    .text:00000064 led2Off
C:\DOCUME~1\ADMINI~1\LOCALS~1\Temp/ccrOuAVS.s:126    .text:00000078 led3Off
C:\DOCUME~1\ADMINI~1\LOCALS~1\Temp/ccrOuAVS.s:140    .text:0000008c led4Off
C:\DOCUME~1\ADMINI~1\LOCALS~1\Temp/ccrOuAVS.s:154    .text:000000a0 ledsOff

NO UNDEFINED SYMBOLS
