ARM GAS  C:\DOCUME~1\ADMINI~1\LOCALS~1\Temp/cc3uwTvf.s 			page 1


   1              		.file	"vsutils.c"
   2              	@ GNU C (GCC) version 4.3.2 (arm-elf)
   3              	@	compiled by GNU C version 3.4.5 (mingw special), GMP version 4.2.2, MPFR version 2.3.1.
   4              	@ GGC heuristics: --param ggc-min-expand=99 --param ggc-min-heapsize=131006
   5              	@ options passed:  -IC:/ethernut-4.7.4/nutbld/include
   6              	@ -IC:/ethernut-4.7.4/nutbld -IC:/ethernut-4.7.4/nut/include -imultilib
   7              	@ interwork -iprefix c:\program files\yagarto\bin\../lib/gcc/arm-elf/4.3.2/
   8              	@ -D__USES_INITFINI__ -DELEKTOR_IR1 vsutils.c -mcpu=arm7tdmi
   9              	@ -mthumb-interwork -auxbase-strip vsutils.o -Os -Wall -Wstrict-prototypes
  10              	@ -fomit-frame-pointer -fverbose-asm
  11              	@ options enabled:  -falign-loops -fargument-alias -fauto-inc-dec
  12              	@ -fbranch-count-reg -fcaller-saves -fcommon -fcprop-registers
  13              	@ -fcrossjumping -fcse-follow-jumps -fdefer-pop
  14              	@ -fdelete-null-pointer-checks -fearly-inlining
  15              	@ -feliminate-unused-debug-types -fexpensive-optimizations
  16              	@ -fforward-propagate -ffunction-cse -fgcse -fgcse-lm
  17              	@ -fguess-branch-probability -fident -fif-conversion -fif-conversion2
  18              	@ -finline-functions -finline-functions-called-once
  19              	@ -finline-small-functions -fipa-pure-const -fipa-reference -fivopts
  20              	@ -fkeep-static-consts -fleading-underscore -fmath-errno -fmerge-constants
  21              	@ -fmerge-debug-strings -fmove-loop-invariants -fomit-frame-pointer
  22              	@ -foptimize-register-move -foptimize-sibling-calls -fpeephole -fpeephole2
  23              	@ -freg-struct-return -fregmove -freorder-functions -frerun-cse-after-loop
  24              	@ -fsched-interblock -fsched-spec -fsched-stalled-insns-dep
  25              	@ -fschedule-insns -fschedule-insns2 -fsigned-zeros -fsplit-ivs-in-unroller
  26              	@ -fsplit-wide-types -fstrict-aliasing -fstrict-overflow -fthread-jumps
  27              	@ -ftoplevel-reorder -ftrapping-math -ftree-ccp -ftree-copy-prop
  28              	@ -ftree-copyrename -ftree-cselim -ftree-dce -ftree-dominator-opts
  29              	@ -ftree-dse -ftree-fre -ftree-loop-im -ftree-loop-ivcanon
  30              	@ -ftree-loop-optimize -ftree-parallelize-loops= -ftree-reassoc
  31              	@ -ftree-salias -ftree-scev-cprop -ftree-sink -ftree-sra -ftree-store-ccp
  32              	@ -ftree-ter -ftree-vect-loop-version -ftree-vrp -funit-at-a-time
  33              	@ -fverbose-asm -fzero-initialized-in-bss -mlittle-endian -msched-prolog
  34              	@ -mthumb-interwork
  35              	
  36              	@ Compiler executable checksum: 6db586a17c82d36a40d1394fc9f8b6f8
  37              	
  38              		.text
  39              		.align	2
  40              		.global	SdiDeselect
  41              		.type	SdiDeselect, %function
  42              	SdiDeselect:
  43              		@ Function supports interworking.
  44              		@ args = 0, pretend = 0, frame = 0
  45              		@ frame_needed = 0, uses_anonymous_args = 0
  46              		@ link register save eliminated.
  47 0000 0121A0E3 		mov	r2, #1073741824	@ tmp134,
  48 0004 0030E0E3 		mvn	r3, #0	@ tmp133,
  49 0008 CF2903E5 		str	r2, [r3, #-2511]	@ tmp134,
  50 000c 1EFF2FE1 		bx	lr	@
  51              		.size	SdiDeselect, .-SdiDeselect
  52              		.align	2
  53              		.global	SdiSelect
  54              		.type	SdiSelect, %function
  55              	SdiSelect:
  56              		@ Function supports interworking.
  57              		@ args = 0, pretend = 0, frame = 0
ARM GAS  C:\DOCUME~1\ADMINI~1\LOCALS~1\Temp/cc3uwTvf.s 			page 2


  58              		@ frame_needed = 0, uses_anonymous_args = 0
  59              		@ link register save eliminated.
  60 0010 0121A0E3 		mov	r2, #1073741824	@ tmp134,
  61 0014 0030E0E3 		mvn	r3, #0	@ tmp133,
  62 0018 CB2903E5 		str	r2, [r3, #-2507]	@ tmp134,
  63 001c 1EFF2FE1 		bx	lr	@
  64              		.size	SdiSelect, .-SdiSelect
  65              		.align	2
  66              		.global	SciDeselect
  67              		.type	SciDeselect, %function
  68              	SciDeselect:
  69              		@ Function supports interworking.
  70              		@ args = 0, pretend = 0, frame = 0
  71              		@ frame_needed = 0, uses_anonymous_args = 0
  72              		@ link register save eliminated.
  73 0020 0221A0E3 		mov	r2, #-2147483648	@ tmp134,
  74 0024 0030E0E3 		mvn	r3, #0	@ tmp133,
  75 0028 CF2B03E5 		str	r2, [r3, #-3023]	@ tmp134,
  76 002c 1EFF2FE1 		bx	lr	@
  77              		.size	SciDeselect, .-SciDeselect
  78              		.align	2
  79              		.global	SciSelect
  80              		.type	SciSelect, %function
  81              	SciSelect:
  82              		@ Function supports interworking.
  83              		@ args = 0, pretend = 0, frame = 0
  84              		@ frame_needed = 0, uses_anonymous_args = 0
  85              		@ link register save eliminated.
  86 0030 0221A0E3 		mov	r2, #-2147483648	@ tmp134,
  87 0034 0030E0E3 		mvn	r3, #0	@ tmp133,
  88 0038 CB2B03E5 		str	r2, [r3, #-3019]	@ tmp134,
  89 003c 1EFF2FE1 		bx	lr	@
  90              		.size	SciSelect, .-SciSelect
  91              		.align	2
  92              		.type	VsRegRead, %function
  93              	VsRegRead:
  94              		@ Function supports interworking.
  95              		@ args = 0, pretend = 0, frame = 0
  96              		@ frame_needed = 0, uses_anonymous_args = 0
  97              		@ link register save eliminated.
  98 0040 D0C09FE5 		ldr	ip, .L22	@ tmp193,
  99 0044 0020A0E3 		mov	r2, #0	@ tmo,
 100 0048 0010E0E3 		mvn	r1, #0	@ tmp192,
 101              	.L11:
 102 004c C33B11E5 		ldr	r3, [r1, #-3011]	@ D.2314,
 103 0050 010113E3 		tst	r3, #1073741824	@ D.2314,
 104 0054 012082E2 		add	r2, r2, #1	@ tmo, tmo,
 105 0058 0100001A 		bne	.L10	@,
 106 005c 0C0052E1 		cmp	r2, ip	@ tmo, tmp193
 107 0060 F9FFFF1A 		bne	.L11	@,
 108              	.L10:
 109 0064 0020E0E3 		mvn	r2, #0	@ tmp151,
 110 0068 0131A0E3 		mov	r3, #1073741824	@ tmp152,
 111 006c CF3902E5 		str	r3, [r2, #-2511]	@ tmp152,
 112 0070 033083E0 		add	r3, r3, r3	@ tmp154, tmp154,
 113 0074 CB3B02E5 		str	r3, [r2, #-3019]	@ tmp154,
 114 0078 1F1AE0E3 		mvn	r1, #126976	@ tmp155,
ARM GAS  C:\DOCUME~1\ADMINI~1\LOCALS~1\Temp/cc3uwTvf.s 			page 3


 115 007c 0E3183E2 		add	r3, r3, #-2147483645	@ tmp156, tmp156,
 116 0080 F33F01E5 		str	r3, [r1, #-4083]	@ tmp156,
 117              	.L12:
 118 0084 EF3F11E5 		ldr	r3, [r1, #-4079]	@ D.2321,
 119 0088 010013E3 		tst	r3, #1	@ D.2321,
 120 008c 1F2AE0E3 		mvn	r2, #126976	@ tmp157,
 121 0090 FBFFFF0A 		beq	.L12	@,
 122 0094 FF3000E2 		and	r3, r0, #255	@ D.2326, reg,
 123 0098 F71F12E5 		ldr	r1, [r2, #-4087]	@ D.2323,
 124 009c F33F02E5 		str	r3, [r2, #-4083]	@ D.2326,
 125 00a0 0210A0E1 		mov	r1, r2	@ tmp190, tmp157
 126              	.L13:
 127 00a4 EF3F11E5 		ldr	r3, [r1, #-4079]	@ D.2327,
 128 00a8 010013E3 		tst	r3, #1	@ D.2327,
 129 00ac 1F2AE0E3 		mvn	r2, #126976	@ tmp161,
 130 00b0 FBFFFF0A 		beq	.L13	@,
 131 00b4 F73F12E5 		ldr	r3, [r2, #-4087]	@ D.2329,
 132 00b8 0030A0E3 		mov	r3, #0	@ tmp165,
 133 00bc F33F02E5 		str	r3, [r2, #-4083]	@ tmp165,
 134 00c0 0210A0E1 		mov	r1, r2	@ tmp189, tmp161
 135              	.L14:
 136 00c4 EF3F11E5 		ldr	r3, [r1, #-4079]	@ D.2333,
 137 00c8 010013E3 		tst	r3, #1	@ D.2333,
 138 00cc 1F2AE0E3 		mvn	r2, #126976	@ tmp166,
 139 00d0 FBFFFF0A 		beq	.L14	@,
 140 00d4 0030A0E3 		mov	r3, #0	@ tmp170,
 141 00d8 F71F12E5 		ldr	r1, [r2, #-4087]	@ D.2335,
 142 00dc F33F02E5 		str	r3, [r2, #-4083]	@ tmp170,
 143              	.L15:
 144 00e0 EF3F12E5 		ldr	r3, [r2, #-4079]	@ D.2339,
 145 00e4 010013E3 		tst	r3, #1	@ D.2339,
 146 00e8 FCFFFF0A 		beq	.L15	@,
 147 00ec 1F3AE0E3 		mvn	r3, #126976	@ tmp171,
 148 00f0 F70F13E5 		ldr	r0, [r3, #-4087]	@ D.2341,
 149 00f4 0020E0E3 		mvn	r2, #0	@ tmp178,
 150 00f8 0231A0E3 		mov	r3, #-2147483648	@ tmp179,
 151 00fc CF3B02E5 		str	r3, [r2, #-3023]	@ tmp179,
 152 0100 011CA0E1 		mov	r1, r1, asl #24	@ tmp177, D.2335,
 153 0104 033183E2 		add	r3, r3, #-1073741824	@ tmp181, tmp181,
 154 0108 FF0000E2 		and	r0, r0, #255	@ tmp184, D.2341,
 155 010c CB3902E5 		str	r3, [r2, #-2507]	@ tmp181,
 156 0110 210880E1 		orr	r0, r0, r1, lsr #16	@,, tmp184, tmp177,
 157 0114 1EFF2FE1 		bx	lr	@
 158              	.L23:
 159              		.align	2
 160              	.L22:
 161 0118 88130000 		.word	5000
 162              		.size	VsRegRead, .-VsRegRead
 163              		.align	2
 164              		.global	VsRegWrite
 165              		.type	VsRegWrite, %function
 166              	VsRegWrite:
 167              		@ Function supports interworking.
 168              		@ args = 0, pretend = 0, frame = 0
 169              		@ frame_needed = 0, uses_anonymous_args = 0
 170              		@ link register save eliminated.
 171 011c 0118A0E1 		mov	r1, r1, asl #16	@ tmp149, data,
ARM GAS  C:\DOCUME~1\ADMINI~1\LOCALS~1\Temp/cc3uwTvf.s 			page 4


 172 0120 D0C09FE5 		ldr	ip, .L37	@ tmp185,
 173 0124 04402DE5 		str	r4, [sp, #-4]!	@,
 174 0128 0020A0E3 		mov	r2, #0	@ tmo,
 175 012c 2148A0E1 		mov	r4, r1, lsr #16	@ data, tmp149,
 176 0130 0010E0E3 		mvn	r1, #0	@ tmp184,
 177              	.L26:
 178 0134 C33B11E5 		ldr	r3, [r1, #-3011]	@ D.2345,
 179 0138 010113E3 		tst	r3, #1073741824	@ D.2345,
 180 013c 012082E2 		add	r2, r2, #1	@ tmo, tmo,
 181 0140 0100001A 		bne	.L25	@,
 182 0144 0C0052E1 		cmp	r2, ip	@ tmo, tmp185
 183 0148 F9FFFF1A 		bne	.L26	@,
 184              	.L25:
 185 014c 0020E0E3 		mvn	r2, #0	@ tmp153,
 186 0150 0131A0E3 		mov	r3, #1073741824	@ tmp154,
 187 0154 CF3902E5 		str	r3, [r2, #-2511]	@ tmp154,
 188 0158 033083E0 		add	r3, r3, r3	@ tmp156, tmp156,
 189 015c CB3B02E5 		str	r3, [r2, #-3019]	@ tmp156,
 190 0160 1F1AE0E3 		mvn	r1, #126976	@ tmp157,
 191 0164 0A3183E2 		add	r3, r3, #-2147483646	@ tmp158, tmp158,
 192 0168 F33F01E5 		str	r3, [r1, #-4083]	@ tmp158,
 193              	.L27:
 194 016c EF3F11E5 		ldr	r3, [r1, #-4079]	@ D.2352,
 195 0170 010013E3 		tst	r3, #1	@ D.2352,
 196 0174 1F2AE0E3 		mvn	r2, #126976	@ tmp159,
 197 0178 FBFFFF0A 		beq	.L27	@,
 198 017c FF3000E2 		and	r3, r0, #255	@ D.2357, reg,
 199 0180 F71F12E5 		ldr	r1, [r2, #-4087]	@ D.2354,
 200 0184 F33F02E5 		str	r3, [r2, #-4083]	@ D.2357,
 201 0188 0210A0E1 		mov	r1, r2	@ tmp182, tmp159
 202              	.L28:
 203 018c EF3F11E5 		ldr	r3, [r1, #-4079]	@ D.2358,
 204 0190 010013E3 		tst	r3, #1	@ D.2358,
 205 0194 1F2AE0E3 		mvn	r2, #126976	@ tmp163,
 206 0198 FBFFFF0A 		beq	.L28	@,
 207 019c 2434A0E1 		mov	r3, r4, lsr #8	@ D.2363, data,
 208 01a0 F71F12E5 		ldr	r1, [r2, #-4087]	@ D.2360,
 209 01a4 F33F02E5 		str	r3, [r2, #-4083]	@ D.2363,
 210 01a8 0210A0E1 		mov	r1, r2	@ tmp181, tmp163
 211              	.L29:
 212 01ac EF3F11E5 		ldr	r3, [r1, #-4079]	@ D.2364,
 213 01b0 010013E3 		tst	r3, #1	@ D.2364,
 214 01b4 1F2AE0E3 		mvn	r2, #126976	@ tmp169,
 215 01b8 FBFFFF0A 		beq	.L29	@,
 216 01bc FF3004E2 		and	r3, r4, #255	@ D.2369, data,
 217 01c0 F71F12E5 		ldr	r1, [r2, #-4087]	@ D.2366,
 218 01c4 F33F02E5 		str	r3, [r2, #-4083]	@ D.2369,
 219              	.L30:
 220 01c8 EF3F12E5 		ldr	r3, [r2, #-4079]	@ D.2370,
 221 01cc 010013E3 		tst	r3, #1	@ D.2370,
 222 01d0 FCFFFF0A 		beq	.L30	@,
 223 01d4 1F3AE0E3 		mvn	r3, #126976	@ tmp173,
 224 01d8 F73F13E5 		ldr	r3, [r3, #-4087]	@ D.2372,
 225 01dc 0020E0E3 		mvn	r2, #0	@ tmp176,
 226 01e0 0231A0E3 		mov	r3, #-2147483648	@ tmp177,
 227 01e4 CF3B02E5 		str	r3, [r2, #-3023]	@ tmp177,
 228 01e8 033183E2 		add	r3, r3, #-1073741824	@ tmp179, tmp179,
ARM GAS  C:\DOCUME~1\ADMINI~1\LOCALS~1\Temp/cc3uwTvf.s 			page 5


 229 01ec CB3902E5 		str	r3, [r2, #-2507]	@ tmp179,
 230 01f0 1000BDE8 		ldmfd	sp!, {r4}
 231 01f4 1EFF2FE1 		bx	lr
 232              	.L38:
 233              		.align	2
 234              	.L37:
 235 01f8 88130000 		.word	5000
 236              		.size	VsRegWrite, .-VsRegWrite
 237              		.align	2
 238              		.global	Vs10x3Check
 239              		.type	Vs10x3Check, %function
 240              	Vs10x3Check:
 241              		@ Function supports interworking.
 242              		@ args = 0, pretend = 0, frame = 0
 243              		@ frame_needed = 0, uses_anonymous_args = 0
 244 01fc 0020E0E3 		mvn	r2, #0	@ tmp136,
 245 0200 8F3B12E5 		ldr	r3, [r2, #-2959]	@ D.2374,
 246 0204 073A83E3 		orr	r3, r3, #28672	@ D.2375, D.2374,
 247 0208 8F3B02E5 		str	r3, [r2, #-2959]	@ D.2375,
 248 020c 073AA0E3 		mov	r3, #28672	@ tmp139,
 249 0210 FB3B02E5 		str	r3, [r2, #-3067]	@ tmp139,
 250 0214 0211A0E3 		mov	r1, #-2147483648	@ tmp141,
 251 0218 01C1A0E3 		mov	ip, #1073741824	@ tmp147,
 252 021c 2030A0E3 		mov	r3, #32	@ tmp159,
 253 0220 FF1B02E5 		str	r1, [r2, #-3071]	@ tmp141,
 254 0224 30402DE9 		stmfd	sp!, {r4, r5, lr}	@,
 255 0228 CF1B02E5 		str	r1, [r2, #-3023]	@ tmp141,
 256 022c 1FEAE0E3 		mvn	lr, #126976	@ tmp160,
 257 0230 EF1B02E5 		str	r1, [r2, #-3055]	@ tmp141,
 258 0234 FFC902E5 		str	ip, [r2, #-2559]	@ tmp147,
 259 0238 CFC902E5 		str	ip, [r2, #-2511]	@ tmp147,
 260 023c EFC902E5 		str	ip, [r2, #-2543]	@ tmp147,
 261 0240 FF1902E5 		str	r1, [r2, #-2559]	@ tmp141,
 262 0244 CF1902E5 		str	r1, [r2, #-2511]	@ tmp141,
 263 0248 EF1902E5 		str	r1, [r2, #-2543]	@ tmp141,
 264 024c EF3302E5 		str	r3, [r2, #-1007]	@ tmp159,
 265 0250 613083E2 		add	r3, r3, #97	@ tmp161, tmp161,
 266 0254 FF3F0EE5 		str	r3, [lr, #-4095]	@ tmp161,
 267 0258 30509FE5 		ldr	r5, .L41	@ tmp167,
 268 025c 30309FE5 		ldr	r3, .L41+4	@ tmp165,
 269 0260 0140A0E3 		mov	r4, #1	@ tmp163,
 270 0264 FF4F0EE5 		str	r4, [lr, #-4095]	@ tmp163,
 271 0268 0000A0E3 		mov	r0, #0	@,
 272 026c FB3F0EE5 		str	r3, [lr, #-4091]	@ tmp165,
 273 0270 CB5F0EE5 		str	r5, [lr, #-4043]	@ tmp167,
 274 0274 C75F0EE5 		str	r5, [lr, #-4039]	@ tmp167,
 275 0278 70FFFFEB 		bl	VsRegRead	@
 276 027c 0400A0E1 		mov	r0, r4	@, tmp163
 277 0280 6EFFFFEB 		bl	VsRegRead	@
 278 0284 0000A0E3 		mov	r0, #0	@,
 279 0288 3040BDE8 		ldmfd	sp!, {r4, r5, lr}
 280 028c 1EFF2FE1 		bx	lr
 281              	.L42:
 282              		.align	2
 283              	.L41:
 284 0290 02320000 		.word	12802
 285 0294 11000100 		.word	65553
ARM GAS  C:\DOCUME~1\ADMINI~1\LOCALS~1\Temp/cc3uwTvf.s 			page 6


 286              		.size	Vs10x3Check, .-Vs10x3Check
 287              		.align	2
 288              		.global	Play
 289              		.type	Play, %function
 290              	Play:
 291              		@ Function supports interworking.
 292              		@ args = 0, pretend = 0, frame = 0
 293              		@ frame_needed = 0, uses_anonymous_args = 0
 294 0298 70402DE9 		stmfd	sp!, {r4, r5, r6, lr}	@,
 295 029c 0050A0E1 		mov	r5, r0	@ Data, Data
 296 02a0 0140A0E1 		mov	r4, r1	@ FileLen, FileLen
 297 02a4 0000A0E3 		mov	r0, #0	@,
 298 02a8 80109FE5 		ldr	r1, .L53	@,
 299 02ac FEFFFFEB 		bl	VsRegWrite	@
 300 02b0 0B00A0E3 		mov	r0, #11	@,
 301 02b4 78109FE5 		ldr	r1, .L53+4	@,
 302 02b8 FEFFFFEB 		bl	VsRegWrite	@
 303 02bc 1F0AE0E3 		mvn	r0, #126976	@ tmp188,
 304 02c0 0010A0E3 		mov	r1, #0	@ ivtmp.70,
 305 02c4 00C0E0E3 		mvn	ip, #0	@ tmp184,
 306 02c8 68609FE5 		ldr	r6, .L53+8	@ tmp185,
 307 02cc 00E0A0E1 		mov	lr, r0	@ tmp189, tmp188
 308 02d0 120000EA 		b	.L44	@
 309              	.L49:
 310 02d4 C33B1CE5 		ldr	r3, [ip, #-3011]	@ D.2383,
 311 02d8 013113E2 		ands	r3, r3, #1073741824	@ tmp173, D.2383,
 312 02dc 0700001A 		bne	.L45	@,
 313 02e0 0320A0E1 		mov	r2, r3	@ tmo, tmp173
 314              	.L46:
 315 02e4 C33B1CE5 		ldr	r3, [ip, #-3011]	@ D.2385,
 316 02e8 010113E3 		tst	r3, #1073741824	@ D.2385,
 317 02ec 012082E2 		add	r2, r2, #1	@ tmo, tmo,
 318 02f0 0200001A 		bne	.L45	@,
 319 02f4 060052E1 		cmp	r2, r6	@ tmo, tmp185
 320 02f8 F9FFFF1A 		bne	.L46	@,
 321 02fc 090000EA 		b	.L50	@
 322              	.L45:
 323 0300 0130D5E7 		ldrb	r3, [r5, r1]	@ zero_extendqisi2	@ D.2389,* ivtmp.70
 324 0304 F33F00E5 		str	r3, [r0, #-4083]	@ D.2389,
 325              	.L48:
 326 0308 EF3F10E5 		ldr	r3, [r0, #-4079]	@ D.2390,
 327 030c 010013E3 		tst	r3, #1	@ D.2390,
 328 0310 FCFFFF0A 		beq	.L48	@,
 329 0314 F73F1EE5 		ldr	r3, [lr, #-4087]	@ D.2392,
 330 0318 011081E2 		add	r1, r1, #1	@ ivtmp.70, ivtmp.70,
 331 031c 014044E2 		sub	r4, r4, #1	@ FileLen, FileLen,
 332              	.L44:
 333 0320 000054E3 		cmp	r4, #0	@ FileLen,
 334 0324 EAFFFF1A 		bne	.L49	@,
 335              	.L50:
 336 0328 7040BDE8 		ldmfd	sp!, {r4, r5, r6, lr}
 337 032c 1EFF2FE1 		bx	lr
 338              	.L54:
 339              		.align	2
 340              	.L53:
 341 0330 04080000 		.word	2052
 342 0334 0F0F0000 		.word	3855
ARM GAS  C:\DOCUME~1\ADMINI~1\LOCALS~1\Temp/cc3uwTvf.s 			page 7


 343 0338 88130000 		.word	5000
 344              		.size	Play, .-Play
 345              		.align	2
 346              		.global	RecordDeviceInit
 347              		.type	RecordDeviceInit, %function
 348              	RecordDeviceInit:
 349              		@ Function supports interworking.
 350              		@ args = 0, pretend = 0, frame = 0
 351              		@ frame_needed = 0, uses_anonymous_args = 0
 352 033c 70402DE9 		stmfd	sp!, {r4, r5, r6, lr}	@,
 353 0340 0048A0E1 		mov	r4, r0, asl #16	@ tmp136, SampleRate,
 354 0344 2448A0E1 		mov	r4, r4, lsr #16	@ SampleRate, tmp136,
 355 0348 0000A0E3 		mov	r0, #0	@,
 356 034c 3BFFFFEB 		bl	VsRegRead	@
 357 0350 0410A0E1 		mov	r1, r4	@, SampleRate
 358 0354 0C00A0E3 		mov	r0, #12	@,
 359 0358 FEFFFFEB 		bl	VsRegWrite	@
 360 035c 0D00A0E3 		mov	r0, #13	@,
 361 0360 7D1FA0E3 		mov	r1, #500	@,
 362 0364 FEFFFFEB 		bl	VsRegWrite	@
 363 0368 0E00A0E3 		mov	r0, #14	@,
 364 036c 011BA0E3 		mov	r1, #1024	@,
 365 0370 FEFFFFEB 		bl	VsRegWrite	@
 366 0374 0F00A0E3 		mov	r0, #15	@,
 367 0378 0610A0E3 		mov	r1, #6	@,
 368 037c FEFFFFEB 		bl	VsRegWrite	@
 369 0380 0000A0E3 		mov	r0, #0	@,
 370 0384 98119FE5 		ldr	r1, .L57	@,
 371 0388 FEFFFFEB 		bl	VsRegWrite	@
 372 038c 0700A0E3 		mov	r0, #7	@,
 373 0390 90119FE5 		ldr	r1, .L57+4	@,
 374 0394 FEFFFFEB 		bl	VsRegWrite	@
 375 0398 0600A0E3 		mov	r0, #6	@,
 376 039c 88119FE5 		ldr	r1, .L57+8	@,
 377 03a0 FEFFFFEB 		bl	VsRegWrite	@
 378 03a4 0600A0E3 		mov	r0, #6	@,
 379 03a8 80119FE5 		ldr	r1, .L57+12	@,
 380 03ac FEFFFFEB 		bl	VsRegWrite	@
 381 03b0 0600A0E3 		mov	r0, #6	@,
 382 03b4 78119FE5 		ldr	r1, .L57+16	@,
 383 03b8 FEFFFFEB 		bl	VsRegWrite	@
 384 03bc 0600A0E3 		mov	r0, #6	@,
 385 03c0 70119FE5 		ldr	r1, .L57+20	@,
 386 03c4 FEFFFFEB 		bl	VsRegWrite	@
 387 03c8 0600A0E3 		mov	r0, #6	@,
 388 03cc 68119FE5 		ldr	r1, .L57+24	@,
 389 03d0 FEFFFFEB 		bl	VsRegWrite	@
 390 03d4 0600A0E3 		mov	r0, #6	@,
 391 03d8 60119FE5 		ldr	r1, .L57+28	@,
 392 03dc FEFFFFEB 		bl	VsRegWrite	@
 393 03e0 0600A0E3 		mov	r0, #6	@,
 394 03e4 0710A0E3 		mov	r1, #7	@,
 395 03e8 FEFFFFEB 		bl	VsRegWrite	@
 396 03ec 0600A0E3 		mov	r0, #6	@,
 397 03f0 4C119FE5 		ldr	r1, .L57+32	@,
 398 03f4 FEFFFFEB 		bl	VsRegWrite	@
 399 03f8 0600A0E3 		mov	r0, #6	@,
ARM GAS  C:\DOCUME~1\ADMINI~1\LOCALS~1\Temp/cc3uwTvf.s 			page 8


 400 03fc 2010A0E3 		mov	r1, #32	@,
 401 0400 FEFFFFEB 		bl	VsRegWrite	@
 402 0404 0600A0E3 		mov	r0, #6	@,
 403 0408 38119FE5 		ldr	r1, .L57+36	@,
 404 040c FEFFFFEB 		bl	VsRegWrite	@
 405 0410 0600A0E3 		mov	r0, #6	@,
 406 0414 3010A0E3 		mov	r1, #48	@,
 407 0418 FEFFFFEB 		bl	VsRegWrite	@
 408 041c 28419FE5 		ldr	r4, .L57+40	@ tmp151,
 409 0420 0600A0E3 		mov	r0, #6	@,
 410 0424 24119FE5 		ldr	r1, .L57+44	@,
 411 0428 FEFFFFEB 		bl	VsRegWrite	@
 412 042c 0600A0E3 		mov	r0, #6	@,
 413 0430 1C119FE5 		ldr	r1, .L57+48	@,
 414 0434 FEFFFFEB 		bl	VsRegWrite	@
 415 0438 18619FE5 		ldr	r6, .L57+52	@ tmp153,
 416 043c 0410A0E1 		mov	r1, r4	@, tmp151
 417 0440 0600A0E3 		mov	r0, #6	@,
 418 0444 FEFFFFEB 		bl	VsRegWrite	@
 419 0448 0C519FE5 		ldr	r5, .L57+56	@ tmp154,
 420 044c 0600A0E3 		mov	r0, #6	@,
 421 0450 08119FE5 		ldr	r1, .L57+60	@,
 422 0454 FEFFFFEB 		bl	VsRegWrite	@
 423 0458 0610A0E1 		mov	r1, r6	@, tmp153
 424 045c 0600A0E3 		mov	r0, #6	@,
 425 0460 FEFFFFEB 		bl	VsRegWrite	@
 426 0464 0510A0E1 		mov	r1, r5	@, tmp154
 427 0468 0600A0E3 		mov	r0, #6	@,
 428 046c FEFFFFEB 		bl	VsRegWrite	@
 429 0470 0410A0E1 		mov	r1, r4	@, tmp151
 430 0474 0600A0E3 		mov	r0, #6	@,
 431 0478 FEFFFFEB 		bl	VsRegWrite	@
 432 047c 0600A0E3 		mov	r0, #6	@,
 433 0480 DC109FE5 		ldr	r1, .L57+64	@,
 434 0484 FEFFFFEB 		bl	VsRegWrite	@
 435 0488 0410A0E1 		mov	r1, r4	@, tmp151
 436 048c 0600A0E3 		mov	r0, #6	@,
 437 0490 FEFFFFEB 		bl	VsRegWrite	@
 438 0494 0510A0E1 		mov	r1, r5	@, tmp154
 439 0498 0600A0E3 		mov	r0, #6	@,
 440 049c FEFFFFEB 		bl	VsRegWrite	@
 441 04a0 0410A0E1 		mov	r1, r4	@, tmp151
 442 04a4 0600A0E3 		mov	r0, #6	@,
 443 04a8 FEFFFFEB 		bl	VsRegWrite	@
 444 04ac 0600A0E3 		mov	r0, #6	@,
 445 04b0 B0109FE5 		ldr	r1, .L57+68	@,
 446 04b4 FEFFFFEB 		bl	VsRegWrite	@
 447 04b8 0610A0E1 		mov	r1, r6	@, tmp153
 448 04bc 0600A0E3 		mov	r0, #6	@,
 449 04c0 FEFFFFEB 		bl	VsRegWrite	@
 450 04c4 0600A0E3 		mov	r0, #6	@,
 451 04c8 9C109FE5 		ldr	r1, .L57+72	@,
 452 04cc FEFFFFEB 		bl	VsRegWrite	@
 453 04d0 0600A0E3 		mov	r0, #6	@,
 454 04d4 121BA0E3 		mov	r1, #18432	@,
 455 04d8 FEFFFFEB 		bl	VsRegWrite	@
 456 04dc 0600A0E3 		mov	r0, #6	@,
ARM GAS  C:\DOCUME~1\ADMINI~1\LOCALS~1\Temp/cc3uwTvf.s 			page 9


 457 04e0 88109FE5 		ldr	r1, .L57+76	@,
 458 04e4 FEFFFFEB 		bl	VsRegWrite	@
 459 04e8 0600A0E3 		mov	r0, #6	@,
 460 04ec 80109FE5 		ldr	r1, .L57+80	@,
 461 04f0 FEFFFFEB 		bl	VsRegWrite	@
 462 04f4 0700A0E3 		mov	r0, #7	@,
 463 04f8 78109FE5 		ldr	r1, .L57+84	@,
 464 04fc FEFFFFEB 		bl	VsRegWrite	@
 465 0500 0600A0E3 		mov	r0, #6	@,
 466 0504 2A1CA0E3 		mov	r1, #10752	@,
 467 0508 FEFFFFEB 		bl	VsRegWrite	@
 468 050c 0600A0E3 		mov	r0, #6	@,
 469 0510 64109FE5 		ldr	r1, .L57+88	@,
 470 0514 FEFFFFEB 		bl	VsRegWrite	@
 471 0518 0100A0E3 		mov	r0, #1	@,
 472 051c 7040BDE8 		ldmfd	sp!, {r4, r5, r6, lr}
 473 0520 1EFF2FE1 		bx	lr
 474              	.L58:
 475              		.align	2
 476              	.L57:
 477 0524 04100000 		.word	4100
 478 0528 10800000 		.word	32784
 479 052c 123E0000 		.word	15890
 480 0530 17B80000 		.word	47127
 481 0534 143E0000 		.word	15892
 482 0538 12F80000 		.word	63506
 483 053c 013E0000 		.word	15873
 484 0540 11B80000 		.word	47121
 485 0544 17970000 		.word	38679
 486 0548 D2FF0000 		.word	65490
 487 054c 24800000 		.word	32804
 488 0550 D1110000 		.word	4561
 489 0554 11310000 		.word	12561
 490 0558 24C00000 		.word	49188
 491 055c 813B0000 		.word	15233
 492 0560 04370000 		.word	14084
 493 0564 01310000 		.word	12545
 494 0568 043F0000 		.word	16132
 495 056c 08280000 		.word	10248
 496 0570 F1360000 		.word	14065
 497 0574 11980000 		.word	38929
 498 0578 28800000 		.word	32808
 499 057c 0E040000 		.word	1038
 500              		.size	RecordDeviceInit, .-RecordDeviceInit
 501              		.align	2
 502              		.global	RecordFileInit
 503              		.type	RecordFileInit, %function
 504              	RecordFileInit:
 505              		@ Function supports interworking.
 506              		@ args = 0, pretend = 0, frame = 32
 507              		@ frame_needed = 0, uses_anonymous_args = 0
 508              		@ link register save eliminated.
 509 0580 F00F2DE9 		stmfd	sp!, {r4, r5, r6, r7, r8, r9, sl, fp}	@,
 510 0584 100052E3 		cmp	r2, #16	@ BitsPerSample,
 511 0588 01A0A0E1 		mov	sl, r1	@ SampleRate, SampleRate
 512 058c 0AB0A011 		movne	fp, sl	@ byterate, SampleRate
 513 0590 8AB0A001 		moveq	fp, sl, asl #1	@ byterate, SampleRate,
ARM GAS  C:\DOCUME~1\ADMINI~1\LOCALS~1\Temp/cc3uwTvf.s 			page 10


 514 0594 20D04DE2 		sub	sp, sp, #32	@,,
 515 0598 010053E3 		cmp	r3, #1	@ StereoOn,
 516 059c 6CC19FE5 		ldr	ip, .L75	@ tmp212,
 517 05a0 0C208DE5 		str	r2, [sp, #12]	@ BitsPerSample, BitsPerSample
 518 05a4 0310A0E1 		mov	r1, r3	@ StereoOn, StereoOn
 519 05a8 8BB0A001 		moveq	fp, fp, asl #1	@ byterate, byterate,
 520 05ac 0020A0E3 		mov	r2, #0	@ i,
 521              	.L63:
 522 05b0 0230DCE7 		ldrb	r3, [ip, r2]	@ zero_extendqisi2	@ tmp162, wavheaderbegin
 523 05b4 0230C0E7 		strb	r3, [r0, r2]	@ tmp162,* i
 524 05b8 012082E2 		add	r2, r2, #1	@ i, i,
 525 05bc 160052E3 		cmp	r2, #22	@ i,
 526 05c0 FAFFFF1A 		bne	.L63	@,
 527 05c4 010051E3 		cmp	r1, #1	@ StereoOn,
 528 05c8 162080E2 		add	r2, r0, #22	@, File,
 529 05cc 0230A003 		moveq	r3, #2	@ tmp164,
 530 05d0 0130A013 		movne	r3, #1	@ tmp166,
 531 05d4 1C208DE5 		str	r2, [sp, #28]	@, File.125
 532 05d8 1630C0E5 		strb	r3, [r0, #22]	@ tmp166,
 533 05dc 1C309DE5 		ldr	r3, [sp, #28]	@, File.125
 534 05e0 014083E2 		add	r4, r3, #1	@ File.97,,
 535 05e4 015084E2 		add	r5, r4, #1	@ File.98, File.97,
 536 05e8 016085E2 		add	r6, r5, #1	@ File.99, File.98,
 537 05ec 017086E2 		add	r7, r6, #1	@ File.100, File.99,
 538 05f0 018087E2 		add	r8, r7, #1	@ File.101, File.100,
 539 05f4 012088E2 		add	r2, r8, #1	@, File.101,
 540 05f8 013082E2 		add	r3, r2, #1	@,,
 541 05fc 10208DE5 		str	r2, [sp, #16]	@, File.102
 542 0600 012083E2 		add	r2, r3, #1	@,,
 543 0604 18208DE5 		str	r2, [sp, #24]	@, File.107
 544 0608 14308DE5 		str	r3, [sp, #20]	@, File.104
 545 060c 2B2CA0E1 		mov	r2, fp, lsr #24	@, byterate,
 546 0610 2A3CA0E1 		mov	r3, sl, lsr #24	@, SampleRate,
 547 0614 0C008DE9 		stmib	sp, {r2, r3}	@ phole stm
 548 0618 2A34A0E1 		mov	r3, sl, lsr #8	@, SampleRate,
 549 061c 18209DE5 		ldr	r2, [sp, #24]	@, File.107
 550 0620 00308DE5 		str	r3, [sp, #0]	@,
 551 0624 1C309DE5 		ldr	r3, [sp, #28]	@, File.125
 552 0628 019082E2 		add	r9, r2, #1	@ File.110,,
 553 062c 0020A0E3 		mov	r2, #0	@,
 554 0630 0120C3E5 		strb	r2, [r3, #1]	@,
 555 0634 01A0C4E5 		strb	sl, [r4, #1]	@ SampleRate,
 556 0638 00309DE5 		ldr	r3, [sp, #0]	@,
 557 063c 010051E3 		cmp	r1, #1	@ StereoOn,
 558 0640 2A18A0E1 		mov	r1, sl, lsr #16	@ tmp173, SampleRate,
 559 0644 0130C5E5 		strb	r3, [r5, #1]	@,
 560 0648 0110C6E5 		strb	r1, [r6, #1]	@ tmp173,
 561 064c 08209DE5 		ldr	r2, [sp, #8]	@,
 562 0650 0120C7E5 		strb	r2, [r7, #1]	@,
 563 0654 01B0C8E5 		strb	fp, [r8, #1]	@ byterate,
 564 0658 10309DE5 		ldr	r3, [sp, #16]	@, File.102
 565 065c 2B04A0E1 		mov	r0, fp, lsr #8	@ tmp178, byterate,
 566 0660 0100C3E5 		strb	r0, [r3, #1]	@ tmp178,
 567 0664 14209DE5 		ldr	r2, [sp, #20]	@, File.104
 568 0668 2BC8A0E1 		mov	ip, fp, lsr #16	@ tmp180, byterate,
 569 066c 01C0C2E5 		strb	ip, [r2, #1]	@ tmp180,
 570 0670 18309DE5 		ldr	r3, [sp, #24]	@, File.107
ARM GAS  C:\DOCUME~1\ADMINI~1\LOCALS~1\Temp/cc3uwTvf.s 			page 11


 571 0674 04209DE5 		ldr	r2, [sp, #4]	@,
 572 0678 0120C3E5 		strb	r2, [r3, #1]	@,
 573 067c 0430A003 		moveq	r3, #4	@ tmp184,
 574 0680 0230A013 		movne	r3, #2	@ tmp186,
 575 0684 0130C9E5 		strb	r3, [r9, #1]	@ tmp186,
 576 0688 0C309DE5 		ldr	r3, [sp, #12]	@, BitsPerSample
 577 068c 011089E2 		add	r1, r9, #1	@ File.113, File.110,
 578 0690 012081E2 		add	r2, r1, #1	@ File.114, File.113,
 579 0694 100053E3 		cmp	r3, #16	@,
 580 0698 01A082E2 		add	sl, r2, #1	@ File.115, File.114,
 581 069c 0030A0E3 		mov	r3, #0	@ tmp188,
 582 06a0 0130C1E5 		strb	r3, [r1, #1]	@ tmp188,
 583 06a4 01008AE2 		add	r0, sl, #1	@ File.116, File.115,
 584 06a8 01C080E2 		add	ip, r0, #1	@ File.117, File.116,
 585 06ac 0C309D05 		ldreq	r3, [sp, #12]	@, BitsPerSample
 586 06b0 01508CE2 		add	r5, ip, #1	@ File.118, File.117,
 587 06b4 0830A013 		movne	r3, #8	@ tmp192,
 588 06b8 016085E2 		add	r6, r5, #1	@ File.119, File.118,
 589 06bc 0130C2E5 		strb	r3, [r2, #1]	@ tmp192,
 590 06c0 017086E2 		add	r7, r6, #1	@ File.120, File.119,
 591 06c4 0030A0E3 		mov	r3, #0	@ tmp194,
 592 06c8 0130CAE5 		strb	r3, [sl, #1]	@ tmp194,
 593 06cc 018087E2 		add	r8, r7, #1	@ File.121, File.120,
 594 06d0 643083E2 		add	r3, r3, #100	@ tmp196, tmp196,
 595 06d4 0020E0E3 		mvn	r2, #0	@ tmp204,
 596 06d8 6110A0E3 		mov	r1, #97	@ tmp198,
 597 06dc 014088E2 		add	r4, r8, #1	@ File.122, File.121,
 598 06e0 0130C0E5 		strb	r3, [r0, #1]	@ tmp196,
 599 06e4 103083E2 		add	r3, r3, #16	@ tmp200, tmp200,
 600 06e8 0110CCE5 		strb	r1, [ip, #1]	@ tmp198,
 601 06ec 0130C5E5 		strb	r3, [r5, #1]	@ tmp200,
 602 06f0 0110C6E5 		strb	r1, [r6, #1]	@ tmp198,
 603 06f4 0120C7E5 		strb	r2, [r7, #1]	@ tmp204,
 604 06f8 0120C8E5 		strb	r2, [r8, #1]	@ tmp204,
 605 06fc 0220C4E5 		strb	r2, [r4, #2]	@ tmp204,
 606 0700 0120C4E5 		strb	r2, [r4, #1]	@ tmp204,
 607 0704 20D08DE2 		add	sp, sp, #32	@,,
 608 0708 F00FBDE8 		ldmfd	sp!, {r4, r5, r6, r7, r8, r9, sl, fp}
 609 070c 1EFF2FE1 		bx	lr
 610              	.L76:
 611              		.align	2
 612              	.L75:
 613 0710 08000000 		.word	wavheaderbegin.2179
 614              		.size	RecordFileInit, .-RecordFileInit
 615              		.align	2
 616              		.global	Record
 617              		.type	Record, %function
 618              	Record:
 619              		@ Function supports interworking.
 620              		@ args = 8, pretend = 0, frame = 0
 621              		@ frame_needed = 0, uses_anonymous_args = 0
 622 0714 F0412DE9 		stmfd	sp!, {r4, r5, r6, r7, r8, lr}	@,
 623 0718 1C509DE5 		ldr	r5, [sp, #28]	@ StereoOn, StereoOn
 624 071c 0360A0E1 		mov	r6, r3	@ BitsPerSample, BitsPerSample
 625 0720 0240A0E1 		mov	r4, r2	@ SampleRate, SampleRate
 626 0724 0530A0E1 		mov	r3, r5	@, StereoOn
 627 0728 0180A0E1 		mov	r8, r1	@ FileLen, FileLen
ARM GAS  C:\DOCUME~1\ADMINI~1\LOCALS~1\Temp/cc3uwTvf.s 			page 12


 628 072c 0448A0E1 		mov	r4, r4, asl #16	@ tmp181, SampleRate,
 629 0730 0210A0E1 		mov	r1, r2	@, SampleRate
 630 0734 0620A0E1 		mov	r2, r6	@, BitsPerSample
 631 0738 0070A0E1 		mov	r7, r0	@ File, File
 632 073c FEFFFFEB 		bl	RecordFileInit	@
 633 0740 18109DE5 		ldr	r1, [sp, #24]	@, MicOn
 634 0744 0520A0E1 		mov	r2, r5	@, StereoOn
 635 0748 2408A0E1 		mov	r0, r4, lsr #16	@, tmp181,
 636 074c FEFFFFEB 		bl	RecordDeviceInit	@
 637 0750 0000A0E3 		mov	r0, #0	@,
 638 0754 39FEFFEB 		bl	VsRegRead	@
 639 0758 100056E3 		cmp	r6, #16	@ BitsPerSample,
 640 075c 587087E2 		add	r7, r7, #88	@ File.173, File,
 641 0760 B0609F15 		ldrne	r6, .L96	@ tmp213,
 642 0764 2700001A 		bne	.L94	@,
 643 0768 0F0000EA 		b	.L92	@
 644              	.L88:
 645 076c 0900A0E3 		mov	r0, #9	@,
 646 0770 32FEFFEB 		bl	VsRegRead	@
 647 0774 005050E2 		subs	r5, r0, #0	@ samplecount,
 648 0778 FBFFFF0A 		beq	.L88	@,
 649 077c 0740A0E1 		mov	r4, r7	@ ivtmp.142, File.173
 650 0780 040000EA 		b	.L81	@
 651              	.L82:
 652 0784 0800A0E3 		mov	r0, #8	@,
 653 0788 2CFEFFEB 		bl	VsRegRead	@
 654 078c B20044E1 		strh	r0, [r4, #-2]	@ movhi	@,
 655 0790 018048E2 		sub	r8, r8, #1	@ FileLen, FileLen,
 656 0794 015045E2 		sub	r5, r5, #1	@ samplecount, samplecount,
 657              	.L81:
 658 0798 000055E3 		cmp	r5, #0	@ samplecount,
 659 079c 01005813 		cmpne	r8, #1	@, FileLen,
 660 07a0 0470A0E1 		mov	r7, r4	@ File.173, ivtmp.142
 661 07a4 024084E2 		add	r4, r4, #2	@ ivtmp.142, ivtmp.142,
 662 07a8 F5FFFF8A 		bhi	.L82	@,
 663              	.L92:
 664 07ac 010058E3 		cmp	r8, #1	@ FileLen,
 665 07b0 EDFFFF8A 		bhi	.L88	@,
 666 07b4 150000EA 		b	.L87	@
 667              	.L89:
 668 07b8 0900A0E3 		mov	r0, #9	@,
 669 07bc 1FFEFFEB 		bl	VsRegRead	@
 670 07c0 013040E2 		sub	r3, r0, #1	@ tmp192, samplecount.172,
 671 07c4 060053E1 		cmp	r3, r6	@ tmp192, tmp213
 672 07c8 0050A0E1 		mov	r5, r0	@ samplecount.172,
 673 07cc F9FFFF8A 		bhi	.L89	@,
 674 07d0 0740A0E1 		mov	r4, r7	@ ivtmp.160, File.173
 675 07d4 060000EA 		b	.L85	@
 676              	.L95:
 677 07d8 0800A0E3 		mov	r0, #8	@,
 678 07dc 17FEFFEB 		bl	VsRegRead	@
 679 07e0 2004A0E1 		mov	r0, r0, lsr #8	@ tmp195,,
 680 07e4 FF0000E2 		and	r0, r0, #255	@ tmp197, tmp195,
 681 07e8 B20044E1 		strh	r0, [r4, #-2]	@ movhi	@ tmp197,
 682 07ec 018048E2 		sub	r8, r8, #1	@ FileLen, FileLen,
 683 07f0 015045E2 		sub	r5, r5, #1	@ samplecount.172, samplecount.172,
 684              	.L85:
ARM GAS  C:\DOCUME~1\ADMINI~1\LOCALS~1\Temp/cc3uwTvf.s 			page 13


 685 07f4 000055E3 		cmp	r5, #0	@ samplecount.172,
 686 07f8 01005813 		cmpne	r8, #1	@, FileLen,
 687 07fc 0470A0E1 		mov	r7, r4	@ File.173, ivtmp.160
 688 0800 024084E2 		add	r4, r4, #2	@ ivtmp.160, ivtmp.160,
 689 0804 F3FFFF8A 		bhi	.L95	@,
 690              	.L94:
 691 0808 010058E3 		cmp	r8, #1	@ FileLen,
 692 080c E9FFFF8A 		bhi	.L89	@,
 693              	.L87:
 694 0810 F041BDE8 		ldmfd	sp!, {r4, r5, r6, r7, r8, lr}
 695 0814 1EFF2FE1 		bx	lr
 696              	.L97:
 697              		.align	2
 698              	.L96:
 699 0818 7E030000 		.word	894
 700              		.size	Record, .-Record
 701              		.align	2
 702              		.global	VsTest
 703              		.type	VsTest, %function
 704              	VsTest:
 705              		@ Function supports interworking.
 706              		@ args = 0, pretend = 0, frame = 0
 707              		@ frame_needed = 0, uses_anonymous_args = 0
 708 081c 30402DE9 		stmfd	sp!, {r4, r5, lr}	@,
 709 0820 0000A0E3 		mov	r0, #0	@,
 710 0824 821EA0E3 		mov	r1, #2080	@,
 711 0828 FEFFFFEB 		bl	VsRegWrite	@
 712 082c 44119FE5 		ldr	r1, .L124	@ ivtmp.232,
 713 0830 1F0AE0E3 		mvn	r0, #126976	@ tmp212,
 714 0834 035081E2 		add	r5, r1, #3	@ tmp207, ivtmp.232,
 715 0838 00C0E0E3 		mvn	ip, #0	@ tmp208,
 716 083c 38419FE5 		ldr	r4, .L124+4	@ tmp209,
 717 0840 00E0A0E1 		mov	lr, r0	@ tmp213, tmp212
 718 0844 170000EA 		b	.L99	@
 719              	.L104:
 720 0848 C33B1CE5 		ldr	r3, [ip, #-3011]	@ D.2401,
 721 084c 013113E2 		ands	r3, r3, #1073741824	@ tmp155, D.2401,
 722 0850 0D00001A 		bne	.L100	@,
 723 0854 0320A0E1 		mov	r2, r3	@ tmo, tmp155
 724              	.L101:
 725 0858 C33B1CE5 		ldr	r3, [ip, #-3011]	@ D.2403,
 726 085c 010113E3 		tst	r3, #1073741824	@ D.2403,
 727 0860 012082E2 		add	r2, r2, #1	@ tmo, tmo,
 728 0864 0800001A 		bne	.L100	@,
 729 0868 040052E1 		cmp	r2, r4	@ tmo, tmp209
 730 086c F9FFFF1A 		bne	.L101	@,
 731              	.L105:
 732 0870 08119FE5 		ldr	r1, .L124+8	@ ivtmp.222,
 733 0874 1F0AE0E3 		mvn	r0, #126976	@ tmp202,
 734 0878 015081E2 		add	r5, r1, #1	@ tmp197, ivtmp.222,
 735 087c 00C0E0E3 		mvn	ip, #0	@ tmp198,
 736 0880 F4409FE5 		ldr	r4, .L124+4	@ tmp199,
 737 0884 00E0A0E1 		mov	lr, r0	@ tmp203, tmp202
 738 0888 210000EA 		b	.L102	@
 739              	.L100:
 740 088c 013051E5 		ldrb	r3, [r1, #-1]	@ zero_extendqisi2	@ D.2407,
 741 0890 F33F00E5 		str	r3, [r0, #-4083]	@ D.2407,
ARM GAS  C:\DOCUME~1\ADMINI~1\LOCALS~1\Temp/cc3uwTvf.s 			page 14


 742              	.L103:
 743 0894 EF3F10E5 		ldr	r3, [r0, #-4079]	@ D.2408,
 744 0898 010013E3 		tst	r3, #1	@ D.2408,
 745 089c FCFFFF0A 		beq	.L103	@,
 746 08a0 F73F1EE5 		ldr	r3, [lr, #-4087]	@ D.2410,
 747 08a4 011081E2 		add	r1, r1, #1	@ ivtmp.232, ivtmp.232,
 748              	.L99:
 749 08a8 050051E1 		cmp	r1, r5	@ ivtmp.232, tmp207
 750 08ac E5FFFF1A 		bne	.L104	@,
 751 08b0 EEFFFFEA 		b	.L105	@
 752              	.L110:
 753 08b4 C33B1CE5 		ldr	r3, [ip, #-3011]	@ D.2419,
 754 08b8 013113E2 		ands	r3, r3, #1073741824	@ tmp165, D.2419,
 755 08bc 0D00001A 		bne	.L106	@,
 756 08c0 0320A0E1 		mov	r2, r3	@ tmo, tmp165
 757              	.L107:
 758 08c4 C33B1CE5 		ldr	r3, [ip, #-3011]	@ D.2421,
 759 08c8 010113E3 		tst	r3, #1073741824	@ D.2421,
 760 08cc 012082E2 		add	r2, r2, #1	@ tmo, tmo,
 761 08d0 0800001A 		bne	.L106	@,
 762 08d4 040052E1 		cmp	r2, r4	@ tmo, tmp199
 763 08d8 F9FFFF1A 		bne	.L107	@,
 764              	.L111:
 765 08dc A0109FE5 		ldr	r1, .L124+12	@ ivtmp.209,
 766 08e0 1F0AE0E3 		mvn	r0, #126976	@ tmp192,
 767 08e4 045081E2 		add	r5, r1, #4	@ tmp187, ivtmp.209,
 768 08e8 00C0E0E3 		mvn	ip, #0	@ tmp188,
 769 08ec 88409FE5 		ldr	r4, .L124+4	@ tmp189,
 770 08f0 00E0A0E1 		mov	lr, r0	@ tmp193, tmp192
 771 08f4 1B0000EA 		b	.L108	@
 772              	.L106:
 773 08f8 013051E5 		ldrb	r3, [r1, #-1]	@ zero_extendqisi2	@ D.2425,
 774 08fc F33F00E5 		str	r3, [r0, #-4083]	@ D.2425,
 775              	.L109:
 776 0900 EF3F10E5 		ldr	r3, [r0, #-4079]	@ D.2426,
 777 0904 010013E3 		tst	r3, #1	@ D.2426,
 778 0908 FCFFFF0A 		beq	.L109	@,
 779 090c F73F1EE5 		ldr	r3, [lr, #-4087]	@ D.2428,
 780 0910 011081E2 		add	r1, r1, #1	@ ivtmp.222, ivtmp.222,
 781              	.L102:
 782 0914 050051E1 		cmp	r1, r5	@ ivtmp.222, tmp197
 783 0918 E5FFFF1A 		bne	.L110	@,
 784 091c EEFFFFEA 		b	.L111	@
 785              	.L116:
 786 0920 C33B1CE5 		ldr	r3, [ip, #-3011]	@ D.2437,
 787 0924 013113E2 		ands	r3, r3, #1073741824	@ tmp175, D.2437,
 788 0928 0700001A 		bne	.L112	@,
 789 092c 0320A0E1 		mov	r2, r3	@ tmo, tmp175
 790              	.L113:
 791 0930 C33B1CE5 		ldr	r3, [ip, #-3011]	@ D.2439,
 792 0934 010113E3 		tst	r3, #1073741824	@ D.2439,
 793 0938 012082E2 		add	r2, r2, #1	@ tmo, tmo,
 794 093c 0200001A 		bne	.L112	@,
 795 0940 040052E1 		cmp	r2, r4	@ tmo, tmp189
 796 0944 F9FFFF1A 		bne	.L113	@,
 797 0948 080000EA 		b	.L117	@
 798              	.L112:
ARM GAS  C:\DOCUME~1\ADMINI~1\LOCALS~1\Temp/cc3uwTvf.s 			page 15


 799 094c 013051E5 		ldrb	r3, [r1, #-1]	@ zero_extendqisi2	@ D.2443,
 800 0950 F33F00E5 		str	r3, [r0, #-4083]	@ D.2443,
 801              	.L115:
 802 0954 EF3F10E5 		ldr	r3, [r0, #-4079]	@ D.2444,
 803 0958 010013E3 		tst	r3, #1	@ D.2444,
 804 095c FCFFFF0A 		beq	.L115	@,
 805 0960 F73F1EE5 		ldr	r3, [lr, #-4087]	@ D.2446,
 806 0964 011081E2 		add	r1, r1, #1	@ ivtmp.209, ivtmp.209,
 807              	.L108:
 808 0968 050051E1 		cmp	r1, r5	@ ivtmp.209, tmp187
 809 096c EBFFFF1A 		bne	.L116	@,
 810              	.L117:
 811 0970 3040BDE8 		ldmfd	sp!, {r4, r5, lr}
 812 0974 1EFF2FE1 		bx	lr
 813              	.L125:
 814              		.align	2
 815              	.L124:
 816 0978 06000000 		.word	on.2234+1
 817 097c 88130000 		.word	5000
 818 0980 01000000 		.word	sine.2236+1
 819 0984 02000000 		.word	end.2235+1
 820              		.size	VsTest, .-VsTest
 821              		.align	2
 822              		.global	InitAudio
 823              		.type	InitAudio, %function
 824              	InitAudio:
 825              		@ Function supports interworking.
 826              		@ args = 0, pretend = 0, frame = 0
 827              		@ frame_needed = 0, uses_anonymous_args = 0
 828              		@ link register save eliminated.
 829 0988 0030E0E3 		mvn	r3, #0	@ tmp135,
 830 098c 8F2B13E5 		ldr	r2, [r3, #-2959]	@ D.2448,
 831 0990 072A82E3 		orr	r2, r2, #28672	@ D.2449, D.2448,
 832 0994 8F2B03E5 		str	r2, [r3, #-2959]	@ D.2449,
 833 0998 072AA0E3 		mov	r2, #28672	@ tmp138,
 834 099c FB2B03E5 		str	r2, [r3, #-3067]	@ tmp138,
 835 09a0 0211A0E3 		mov	r1, #-2147483648	@ tmp140,
 836 09a4 0101A0E3 		mov	r0, #1073741824	@ tmp146,
 837 09a8 2020A0E3 		mov	r2, #32	@ tmp158,
 838 09ac FF1B03E5 		str	r1, [r3, #-3071]	@ tmp140,
 839 09b0 1FCAE0E3 		mvn	ip, #126976	@ tmp159,
 840 09b4 CF1B03E5 		str	r1, [r3, #-3023]	@ tmp140,
 841 09b8 EF1B03E5 		str	r1, [r3, #-3055]	@ tmp140,
 842 09bc FF0903E5 		str	r0, [r3, #-2559]	@ tmp146,
 843 09c0 CF0903E5 		str	r0, [r3, #-2511]	@ tmp146,
 844 09c4 EF0903E5 		str	r0, [r3, #-2543]	@ tmp146,
 845 09c8 FF1903E5 		str	r1, [r3, #-2559]	@ tmp140,
 846 09cc CF1903E5 		str	r1, [r3, #-2511]	@ tmp140,
 847 09d0 EF1903E5 		str	r1, [r3, #-2543]	@ tmp140,
 848 09d4 EF2303E5 		str	r2, [r3, #-1007]	@ tmp158,
 849 09d8 823083E2 		add	r3, r3, #130	@ tmp160, tmp160,
 850 09dc FF3F0CE5 		str	r3, [ip, #-4095]	@ tmp160,
 851 09e0 0130A0E3 		mov	r3, #1	@ tmp162,
 852 09e4 FF3F0CE5 		str	r3, [ip, #-4095]	@ tmp162,
 853 09e8 04402DE5 		str	r4, [sp, #-4]!	@,
 854 09ec 14309FE5 		ldr	r3, .L128	@ tmp164,
 855 09f0 14409FE5 		ldr	r4, .L128+4	@ tmp166,
ARM GAS  C:\DOCUME~1\ADMINI~1\LOCALS~1\Temp/cc3uwTvf.s 			page 16


 856 09f4 FB3F0CE5 		str	r3, [ip, #-4091]	@ tmp164,
 857 09f8 CB4F0CE5 		str	r4, [ip, #-4043]	@ tmp166,
 858 09fc C74F0CE5 		str	r4, [ip, #-4039]	@ tmp166,
 859 0a00 1000BDE8 		ldmfd	sp!, {r4}
 860 0a04 1EFF2FE1 		bx	lr
 861              	.L129:
 862              		.align	2
 863              	.L128:
 864 0a08 11000100 		.word	65553
 865 0a0c 02320000 		.word	12802
 866              		.size	InitAudio, .-InitAudio
 867              		.align	2
 868              		.global	CancelReset
 869              		.type	CancelReset, %function
 870              	CancelReset:
 871              		@ Function supports interworking.
 872              		@ args = 0, pretend = 0, frame = 0
 873              		@ frame_needed = 0, uses_anonymous_args = 0
 874 0a10 04E02DE5 		str	lr, [sp, #-4]!	@,
 875 0a14 0000A0E3 		mov	r0, #0	@,
 876 0a18 0810A0E3 		mov	r1, #8	@,
 877 0a1c FEFFFFEB 		bl	VsRegWrite	@
 878 0a20 0000A0E3 		mov	r0, #0	@,
 879 0a24 0410A0E3 		mov	r1, #4	@,
 880 0a28 04E09DE4 		ldr	lr, [sp], #4
 881 0a2c FEFFFFEA 		b	VsRegWrite	@
 882              		.size	CancelReset, .-CancelReset
 883              		.align	2
 884              		.global	ResetDevice
 885              		.type	ResetDevice, %function
 886              	ResetDevice:
 887              		@ Function supports interworking.
 888              		@ args = 0, pretend = 0, frame = 0
 889              		@ frame_needed = 0, uses_anonymous_args = 0
 890 0a30 04E02DE5 		str	lr, [sp, #-4]!	@,
 891 0a34 FEFFFFEB 		bl	CancelReset	@
 892 0a38 04E09DE4 		ldr	lr, [sp], #4
 893 0a3c FEFFFFEA 		b	InitAudio	@
 894              		.size	ResetDevice, .-ResetDevice
 895              		.section	.rodata
 896              		.type	sine.2236, %object
 897              		.size	sine.2236, 1
 898              	sine.2236:
 899 0000 7E       		.byte	126
 900              		.type	end.2235, %object
 901              		.size	end.2235, 4
 902              	end.2235:
 903 0001 00000000 		.space	4
 904              		.type	on.2234, %object
 905              		.size	on.2234, 3
 906              	on.2234:
 907 0005 53       		.byte	83
 908 0006 EF       		.byte	-17
 909 0007 6E       		.byte	110
 910              		.type	wavheaderbegin.2179, %object
 911              		.size	wavheaderbegin.2179, 22
 912              	wavheaderbegin.2179:
ARM GAS  C:\DOCUME~1\ADMINI~1\LOCALS~1\Temp/cc3uwTvf.s 			page 17


 913 0008 52       		.byte	82
 914 0009 49       		.byte	73
 915 000a 46       		.byte	70
 916 000b 46       		.byte	70
 917 000c FF       		.byte	-1
 918 000d FF       		.byte	-1
 919 000e FF       		.byte	-1
 920 000f FF       		.byte	-1
 921 0010 57       		.byte	87
 922 0011 41       		.byte	65
 923 0012 56       		.byte	86
 924 0013 45       		.byte	69
 925 0014 66       		.byte	102
 926 0015 6D       		.byte	109
 927 0016 74       		.byte	116
 928 0017 20       		.byte	32
 929 0018 10       		.byte	16
 930 0019 00       		.byte	0
 931 001a 00       		.byte	0
 932 001b 00       		.byte	0
 933 001c 01       		.byte	1
 934 001d 00       		.byte	0
 935              		.ident	"GCC: (GNU) 4.3.2"
ARM GAS  C:\DOCUME~1\ADMINI~1\LOCALS~1\Temp/cc3uwTvf.s 			page 18


DEFINED SYMBOLS
                            *ABS*:00000000 vsutils.c
C:\DOCUME~1\ADMINI~1\LOCALS~1\Temp/cc3uwTvf.s:42     .text:00000000 SdiDeselect
C:\DOCUME~1\ADMINI~1\LOCALS~1\Temp/cc3uwTvf.s:47     .text:00000000 $a
C:\DOCUME~1\ADMINI~1\LOCALS~1\Temp/cc3uwTvf.s:55     .text:00000010 SdiSelect
C:\DOCUME~1\ADMINI~1\LOCALS~1\Temp/cc3uwTvf.s:68     .text:00000020 SciDeselect
C:\DOCUME~1\ADMINI~1\LOCALS~1\Temp/cc3uwTvf.s:81     .text:00000030 SciSelect
C:\DOCUME~1\ADMINI~1\LOCALS~1\Temp/cc3uwTvf.s:93     .text:00000040 VsRegRead
C:\DOCUME~1\ADMINI~1\LOCALS~1\Temp/cc3uwTvf.s:161    .text:00000118 $d
C:\DOCUME~1\ADMINI~1\LOCALS~1\Temp/cc3uwTvf.s:166    .text:0000011c VsRegWrite
C:\DOCUME~1\ADMINI~1\LOCALS~1\Temp/cc3uwTvf.s:171    .text:0000011c $a
C:\DOCUME~1\ADMINI~1\LOCALS~1\Temp/cc3uwTvf.s:235    .text:000001f8 $d
C:\DOCUME~1\ADMINI~1\LOCALS~1\Temp/cc3uwTvf.s:240    .text:000001fc Vs10x3Check
C:\DOCUME~1\ADMINI~1\LOCALS~1\Temp/cc3uwTvf.s:244    .text:000001fc $a
C:\DOCUME~1\ADMINI~1\LOCALS~1\Temp/cc3uwTvf.s:284    .text:00000290 $d
C:\DOCUME~1\ADMINI~1\LOCALS~1\Temp/cc3uwTvf.s:290    .text:00000298 Play
C:\DOCUME~1\ADMINI~1\LOCALS~1\Temp/cc3uwTvf.s:294    .text:00000298 $a
C:\DOCUME~1\ADMINI~1\LOCALS~1\Temp/cc3uwTvf.s:341    .text:00000330 $d
C:\DOCUME~1\ADMINI~1\LOCALS~1\Temp/cc3uwTvf.s:348    .text:0000033c RecordDeviceInit
C:\DOCUME~1\ADMINI~1\LOCALS~1\Temp/cc3uwTvf.s:352    .text:0000033c $a
C:\DOCUME~1\ADMINI~1\LOCALS~1\Temp/cc3uwTvf.s:477    .text:00000524 $d
C:\DOCUME~1\ADMINI~1\LOCALS~1\Temp/cc3uwTvf.s:504    .text:00000580 RecordFileInit
C:\DOCUME~1\ADMINI~1\LOCALS~1\Temp/cc3uwTvf.s:509    .text:00000580 $a
C:\DOCUME~1\ADMINI~1\LOCALS~1\Temp/cc3uwTvf.s:613    .text:00000710 $d
C:\DOCUME~1\ADMINI~1\LOCALS~1\Temp/cc3uwTvf.s:912    .rodata:00000008 wavheaderbegin.2179
C:\DOCUME~1\ADMINI~1\LOCALS~1\Temp/cc3uwTvf.s:618    .text:00000714 Record
C:\DOCUME~1\ADMINI~1\LOCALS~1\Temp/cc3uwTvf.s:622    .text:00000714 $a
C:\DOCUME~1\ADMINI~1\LOCALS~1\Temp/cc3uwTvf.s:699    .text:00000818 $d
C:\DOCUME~1\ADMINI~1\LOCALS~1\Temp/cc3uwTvf.s:704    .text:0000081c VsTest
C:\DOCUME~1\ADMINI~1\LOCALS~1\Temp/cc3uwTvf.s:708    .text:0000081c $a
C:\DOCUME~1\ADMINI~1\LOCALS~1\Temp/cc3uwTvf.s:816    .text:00000978 $d
C:\DOCUME~1\ADMINI~1\LOCALS~1\Temp/cc3uwTvf.s:906    .rodata:00000005 on.2234
C:\DOCUME~1\ADMINI~1\LOCALS~1\Temp/cc3uwTvf.s:898    .rodata:00000000 sine.2236
C:\DOCUME~1\ADMINI~1\LOCALS~1\Temp/cc3uwTvf.s:902    .rodata:00000001 end.2235
C:\DOCUME~1\ADMINI~1\LOCALS~1\Temp/cc3uwTvf.s:824    .text:00000988 InitAudio
C:\DOCUME~1\ADMINI~1\LOCALS~1\Temp/cc3uwTvf.s:829    .text:00000988 $a
C:\DOCUME~1\ADMINI~1\LOCALS~1\Temp/cc3uwTvf.s:864    .text:00000a08 $d
C:\DOCUME~1\ADMINI~1\LOCALS~1\Temp/cc3uwTvf.s:870    .text:00000a10 CancelReset
C:\DOCUME~1\ADMINI~1\LOCALS~1\Temp/cc3uwTvf.s:874    .text:00000a10 $a
C:\DOCUME~1\ADMINI~1\LOCALS~1\Temp/cc3uwTvf.s:886    .text:00000a30 ResetDevice
C:\DOCUME~1\ADMINI~1\LOCALS~1\Temp/cc3uwTvf.s:899    .rodata:00000000 $d

NO UNDEFINED SYMBOLS
